
                  X               XYData-1    

                0.                 1.09443E+09
                1.97486E-03        1.77706E+09
                3.93339E-03        2.52698E+09
                5.88063E-03        3.31826E+09
                7.81116E-03        4.10579E+09
                9.72895E-03        4.89563E+09
               11.6308E-03         5.65823E+09
               13.52E-03           6.41242E+09
               15.3943E-03         7.12637E+09
               17.2568E-03         7.83126E+09
               19.1055E-03         8.48268E+09
               20.9433E-03         9.13097E+09
               22.7691E-03         9.70773E+09
               24.5842E-03        10.2987E+09 
               26.39E-03          10.7903E+09 
               28.1849E-03        11.336E+09  
               29.9727E-03        11.7294E+09 
               31.7516E-03        12.2399E+09 
               33.5204E-03        12.4599E+09 
               35.299E-03         12.8003E+09 
               37.0453E-03        12.4665E+09 
               38.889E-03         11.9199E+09 
               40.6184E-03        10.4434E+09 
               42.8374E-03         5.97929E+09
               46.1479E-03        32.2701E+09 
               47.6497E-03        31.9835E+09 
               49.0312E-03        31.5497E+09 
               50.469E-03         31.3441E+09 
               51.888E-03         30.6985E+09 
               53.33E-03          30.0181E+09 
               54.7809E-03        29.1113E+09 
               56.2522E-03        28.1642E+09 
               57.7406E-03        27.0621E+09 
               59.2512E-03        25.8897E+09 
               60.7839E-03        24.596E+09  
               62.3417E-03        23.2222E+09 
               63.9257E-03        21.7502E+09 
               65.5378E-03        20.1991E+09 
               67.1792E-03        18.5696E+09 
               68.8516E-03        16.866E+09  
               70.556E-03         15.1042E+09 
               72.2936E-03        13.273E+09  
               74.0657E-03        11.4066E+09 
               75.8724E-03         9.46774E+09
               77.7167E-03         7.52839E+09
               79.5936E-03         5.51763E+09
               81.5166E-03         3.66586E+09
               83.4427E-03         1.94865E+09
               88.8592E-03         7.43777E+09
               90.9261E-03         9.49914E+09
               93.0325E-03        11.3131E+09 
               95.1697E-03        13.15E+09   
               97.3395E-03        14.9277E+09 
               99.5404E-03        16.655E+09  
              101.771E-03         18.3236E+09 
              104.032E-03         19.9276E+09 
              106.32E-03          21.4614E+09 
              108.634E-03         22.9197E+09 
              110.974E-03         24.2971E+09 
              113.338E-03         25.589E+09  
              115.724E-03         26.7906E+09 
              118.13E-03          27.8977E+09 
              120.555E-03         28.9065E+09 
              122.998E-03         29.8133E+09 
              125.455E-03         30.615E+09  
              127.926E-03         31.3086E+09 
              130.408E-03         31.8918E+09 
              132.899E-03         32.3624E+09 
              135.398E-03         32.7189E+09 
              137.902E-03         32.9599E+09 
              140.41E-03          33.0846E+09 
              142.918E-03         33.0925E+09 
              145.426E-03         32.9835E+09 
              147.93E-03          32.7582E+09 
              150.43E-03          32.4173E+09 
              152.922E-03         31.9618E+09 
              155.406E-03         31.3936E+09 
              157.878E-03         30.7145E+09 
              160.338E-03         29.927E+09  
              162.782E-03         29.0339E+09 
              165.209E-03         28.0382E+09 
              167.618E-03         26.9435E+09 
              170.007E-03         25.7537E+09 
              172.374E-03         24.473E+09  
              174.717E-03         23.1059E+09 
              177.035E-03         21.6571E+09 
              179.327E-03         20.1319E+09 
              181.591E-03         18.5356E+09 
              183.826E-03         16.8739E+09 
              186.03E-03          15.1525E+09 
              188.204E-03         13.3777E+09 
              190.346E-03         11.5556E+09 
              192.455E-03          9.69275E+09
              194.53E-03           7.79529E+09
              196.572E-03          5.8722E+09 
              198.579E-03          3.92136E+09
              200.551E-03          1.97444E+09




