
                  X            TrueDist-Disp3 

                0.                43.4503E-06 
                2.00006E-03       43.3863E-06 
                4.00017E-03       43.2788E-06 
                6.00033E-03       43.1291E-06 
                8.00052E-03       42.9364E-06 
               10.0008E-03        42.7018E-06 
               12.001E-03         42.4247E-06 
               14.0013E-03        42.106E-06  
               16.0017E-03        41.7456E-06 
               18.0021E-03        41.3441E-06 
               20.0025E-03        40.9017E-06 
               22.003E-03         40.419E-06  
               24.0036E-03        39.8964E-06 
               26.0041E-03        39.3344E-06 
               28.0047E-03        38.7336E-06 
               30.0054E-03        38.0945E-06 
               32.006E-03         37.4179E-06 
               34.0067E-03        36.7044E-06 
               36.0075E-03        35.9546E-06 
               38.0083E-03        35.1693E-06 
               40.0091E-03        34.3494E-06 
               42.0099E-03        33.4955E-06 
               44.0108E-03        32.6086E-06 
               46.0118E-03        31.6894E-06 
               48.0127E-03        30.7391E-06 
               50.0137E-03        29.7584E-06 
               52.0147E-03        28.7483E-06 
               54.0157E-03        27.7098E-06 
               56.0168E-03        26.644E-06  
               58.0179E-03        25.5519E-06 
               60.019E-03         24.4346E-06 
               62.0202E-03        23.2932E-06 
               64.0213E-03        22.1288E-06 
               66.0225E-03        20.9425E-06 
               68.0237E-03        19.7356E-06 
               70.0249E-03        18.5092E-06 
               72.0262E-03        17.2646E-06 
               74.0275E-03        16.0028E-06 
               76.0287E-03        14.7254E-06 
               78.03E-03          13.4333E-06 
               80.0313E-03        12.128E-06  
               82.0326E-03        10.8108E-06 
               84.034E-03          9.48287E-06
               86.0353E-03         8.14559E-06
               88.0367E-03         6.80027E-06
               90.038E-03          5.44824E-06
               92.0394E-03         4.09083E-06
               94.0407E-03         2.72939E-06
               96.0421E-03         1.36525E-06
               98.0434E-03      -233.553E-12  
              100.045E-03         -1.36572E-06
              102.046E-03         -2.72986E-06
              104.048E-03         -4.0913E-06 
              106.049E-03         -5.4487E-06 
              108.05E-03          -6.80073E-06
              110.052E-03         -8.14605E-06
              112.053E-03         -9.48332E-06
              114.054E-03        -10.8112E-06 
              116.056E-03        -12.1285E-06 
              118.057E-03        -13.4338E-06 
              120.058E-03        -14.7258E-06 
              122.059E-03        -16.0033E-06 
              124.061E-03        -17.265E-06  
              126.062E-03        -18.5096E-06 
              128.063E-03        -19.736E-06  
              130.064E-03        -20.9429E-06 
              132.066E-03        -22.1292E-06 
              134.067E-03        -23.2936E-06 
              136.068E-03        -24.435E-06  
              138.069E-03        -25.5523E-06 
              140.07E-03         -26.6444E-06 
              142.071E-03        -27.7102E-06 
              144.072E-03        -28.7486E-06 
              146.073E-03        -29.7587E-06 
              148.074E-03        -30.7394E-06 
              150.075E-03        -31.6898E-06 
              152.076E-03        -32.6089E-06 
              154.077E-03        -33.4958E-06 
              156.078E-03        -34.3496E-06 
              158.079E-03        -35.1696E-06 
              160.079E-03        -35.9549E-06 
              162.08E-03         -36.7046E-06 
              164.081E-03        -37.4182E-06 
              166.082E-03        -38.0947E-06 
              168.082E-03        -38.7338E-06 
              170.083E-03        -39.3346E-06 
              172.083E-03        -39.8966E-06 
              174.084E-03        -40.4191E-06 
              176.084E-03        -40.9019E-06 
              178.085E-03        -41.3442E-06 
              180.085E-03        -41.7457E-06 
              182.086E-03        -42.106E-06  
              184.086E-03        -42.4244E-06 
              186.086E-03        -42.7016E-06 
              188.086E-03        -42.9354E-06 
              190.087E-03        -43.1292E-06 
              192.087E-03        -43.2786E-06 
              194.087E-03        -43.3929E-06 
              196.087E-03        -43.4645E-06 




