
                  X            Freq-Disp:Tip  

                0.                 0.         
               10.E+03          -327.502E-06  
               10.107E+03       -340.888E-06  
               10.2152E+03      -355.445E-06  
               10.3245E+03      -371.291E-06  
               10.435E+03       -388.548E-06  
               10.5467E+03      -407.33E-06   
               10.6595E+03      -427.729E-06  
               10.7736E+03      -449.785E-06  
               10.8889E+03      -473.426E-06  
               11.0055E+03      -498.379E-06  
               11.1232E+03      -524.002E-06  
               11.2423E+03      -548.994E-06  
               11.3626E+03      -570.917E-06  
               11.4842E+03      -585.435E-06  
               11.6071E+03      -585.228E-06  
               11.7313E+03      -558.891E-06  
               11.8569E+03      -491.02E-06   
               11.9837E+03      -366.387E-06  
               12.112E+03       -181.149E-06  
               12.2416E+03        43.6268E-06 
               12.2961E+03       138.812E-06  
               12.3508E+03       229.552E-06  
               12.4058E+03       312.753E-06  
               12.461E+03        386.148E-06  
               12.5164E+03       448.432E-06  
               12.5721E+03       499.224E-06  
               12.628E+03        538.898E-06  
               12.6842E+03       568.361E-06  
               12.7407E+03       588.823E-06  
               12.7974E+03       601.617E-06  
               12.8543E+03       608.061E-06  
               12.9115E+03       609.374E-06  
               12.969E+03        606.635E-06  
               13.0267E+03       600.765E-06  
               13.0846E+03       592.531E-06  
               13.1429E+03       582.559E-06  
               13.2013E+03       571.355E-06  
               13.2601E+03       559.319E-06  
               13.3191E+03       546.763E-06  
               13.3914E+03       531.109E-06  
               13.464E+03        515.373E-06  
               13.5371E+03       499.788E-06  
               13.6105E+03       484.519E-06  
               13.6843E+03       469.675E-06  
               13.7586E+03       455.327E-06  
               13.8332E+03       441.518E-06  
               13.9083E+03       428.27E-06   
               13.9837E+03       415.588E-06  
               14.0596E+03       403.47E-06   
               14.1359E+03       391.904E-06  
               14.2126E+03       380.874E-06  
               14.2897E+03       370.361E-06  
               14.3672E+03       360.344E-06  
               14.4452E+03       350.8E-06    
               14.5236E+03       341.708E-06  
               14.6023E+03       333.044E-06  
               14.6816E+03       324.789E-06  
               14.7612E+03       316.919E-06  
               14.9564E+03       299.297E-06  
               15.1542E+03       283.571E-06  
               15.3546E+03       269.508E-06  
               15.5577E+03       256.908E-06  
               15.7634E+03       245.602E-06  
               15.9719E+03       235.443E-06  
               16.1831E+03       226.31E-06   
               16.3971E+03       218.097E-06  
               16.6139E+03       210.715E-06  
               16.8336E+03       204.091E-06  
               17.0562E+03       198.161E-06  
               17.2818E+03       192.874E-06  
               17.5103E+03       188.185E-06  
               17.7419E+03       184.061E-06  
               17.9765E+03       180.472E-06  
               18.2142E+03       177.4E-06    
               18.4551E+03       174.829E-06  
               18.6991E+03       172.753E-06  
               18.9464E+03       171.169E-06  
               19.1023E+03       170.433E-06  
               19.2594E+03       169.893E-06  
               19.4178E+03       169.553E-06  
               19.5775E+03       169.417E-06  
               19.7386E+03       169.491E-06  
               19.9009E+03       169.782E-06  
               20.0646E+03       170.297E-06  
               20.2297E+03       171.047E-06  
               20.3961E+03       172.04E-06   
               20.5638E+03       173.287E-06  
               20.733E+03        174.8E-06    
               20.9035E+03       176.59E-06   
               21.0755E+03       178.666E-06  
               21.2488E+03       181.037E-06  
               21.4236E+03       183.704E-06  
               21.5998E+03       186.664E-06  
               21.7775E+03       189.897E-06  
               21.9566E+03       193.364E-06  
               22.1372E+03       196.988E-06  
               22.2532E+03       199.327E-06  
               22.3698E+03       201.63E-06   
               22.487E+03        203.831E-06  
               22.6048E+03       205.84E-06   
               22.7233E+03       207.538E-06  
               22.8423E+03       208.771E-06  
               22.962E+03        209.337E-06  
               23.0823E+03       208.981E-06  
               23.2032E+03       207.384E-06  
               23.3248E+03       204.161E-06  
               23.447E+03        198.863E-06  
               23.5698E+03       190.994E-06  
               23.6933E+03       180.056E-06  
               23.8175E+03       165.613E-06  
               23.9423E+03       147.404E-06  
               24.0677E+03       125.453E-06  
               24.1938E+03       100.185E-06  
               24.3206E+03        72.4739E-06 
               24.448E+03         43.5845E-06 
               24.4832E+03        35.6169E-06 
               24.5184E+03        27.7045E-06 
               24.5538E+03        19.8784E-06 
               24.5891E+03        12.1689E-06 
               24.6245E+03         4.60474E-06
               24.66E+03          -2.78708E-06
               24.6955E+03        -9.98162E-06
               24.7311E+03       -16.9563E-06 
               24.7667E+03       -23.691E-06  
               24.8024E+03       -30.1684E-06 
               24.8381E+03       -36.3738E-06 
               24.8739E+03       -42.2952E-06 
               24.9097E+03       -47.9235E-06 
               24.9456E+03       -53.252E-06  
               24.9815E+03       -58.2769E-06 
               25.0175E+03       -62.9965E-06 
               25.0535E+03       -67.4114E-06 
               25.0896E+03       -71.524E-06  
               25.1257E+03       -75.3388E-06 
               25.3613E+03       -93.3664E-06 
               25.5991E+03      -101.79E-06   
               25.8391E+03      -103.612E-06  
               26.0813E+03      -101.359E-06  
               26.3259E+03       -96.8277E-06 
               26.5727E+03       -91.1811E-06 
               26.8218E+03       -85.1281E-06 
               27.0733E+03       -79.079E-06  
               27.3271E+03       -73.2589E-06 
               27.5833E+03       -67.7806E-06 
               27.8419E+03       -62.6912E-06 
               28.1029E+03       -58.0001E-06 
               28.3664E+03       -53.696E-06  
               28.6324E+03       -49.7566E-06 
               28.9008E+03       -46.1552E-06 
               29.1718E+03       -42.8633E-06 
               29.4453E+03       -39.8533E-06 
               29.7213E+03       -37.0987E-06 
               30.E+03           -34.5752E-06 




