
                             cornerrod15_dist-
                  X                stress     

                0.               744.999E+03  
                2.00002E-03        1.2688E+06 
                4.00005E-03        1.83742E+06
                6.00009E-03        2.43078E+06
                8.00014E-03        3.02945E+06
               10.0002E-03         3.63026E+06
               12.0003E-03         4.22655E+06
               14.0004E-03         4.81972E+06
               16.0004E-03         5.40632E+06
               18.0005E-03         5.9882E+06 
               20.0007E-03         6.56272E+06
               22.0008E-03         7.13111E+06
               24.0009E-03         7.69147E+06
               26.0011E-03         8.24426E+06
               28.0012E-03         8.78911E+06
               30.0014E-03         9.326E+06  
               32.0016E-03         9.85793E+06
               34.0018E-03        10.3847E+06 
               36.0019E-03        10.9134E+06 
               38.0022E-03        11.4319E+06 
               40.0024E-03        11.9342E+06 
               42.0026E-03        12.3371E+06 
               44.0028E-03        12.4199E+06 
               46.0031E-03        11.3829E+06 
               49.6302E-03        14.0563E+06 
               51.3867E-03        20.4933E+06 
               53.1431E-03        26.1001E+06 
               54.8997E-03        30.3017E+06 
               58.6415E-03        32.826E+06  
               60.6282E-03        33.1136E+06 
               62.6149E-03        33.4262E+06 
               64.6017E-03        33.6523E+06 
               66.5884E-03        33.8389E+06 
               68.5751E-03        33.9691E+06 
               70.5619E-03        34.0766E+06 
               72.5486E-03        34.1407E+06 
               74.5354E-03        34.1784E+06 
               76.5221E-03        34.1751E+06 
               78.5089E-03        34.1424E+06 
               80.4956E-03        34.0708E+06 
               82.4823E-03        33.9668E+06 
               84.4691E-03        33.8275E+06 
               86.4558E-03        33.6532E+06 
               88.4426E-03        33.4819E+06 
               90.4293E-03        33.2945E+06 
               92.416E-03         33.1558E+06 
               94.4027E-03        33.1376E+06 
               96.3894E-03        31.8626E+06 
              100.231E-03         40.494E+06  
              102.19E-03          60.1878E+06 
              104.148E-03         76.466E+06  
              108.095E-03         85.3509E+06 
              110.086E-03         84.8023E+06 
              112.076E-03         84.0323E+06 
              114.066E-03         83.1297E+06 
              116.057E-03         82.1371E+06 
              118.047E-03         81.0717E+06 
              120.037E-03         79.9267E+06 
              122.027E-03         78.6992E+06 
              124.018E-03         77.3954E+06 
              126.008E-03         76.0139E+06 
              127.998E-03         74.5572E+06 
              129.988E-03         73.0274E+06 
              131.978E-03         71.425E+06  
              133.968E-03         69.7538E+06 
              135.958E-03         68.0135E+06 
              137.948E-03         66.2082E+06 
              139.938E-03         64.3377E+06 
              141.928E-03         62.406E+06  
              143.918E-03         60.4127E+06 
              145.908E-03         58.362E+06  
              147.898E-03         56.2534E+06 
              149.887E-03         54.0903E+06 
              151.877E-03         51.8735E+06 
              153.867E-03         49.6063E+06 
              155.857E-03         47.2891E+06 
              157.846E-03         44.9253E+06 
              159.836E-03         42.5162E+06 
              161.825E-03         40.0649E+06 
              163.815E-03         37.5732E+06 
              165.804E-03         35.0445E+06 
              167.794E-03         32.4806E+06 
              169.783E-03         29.8851E+06 
              171.772E-03         27.2601E+06 
              173.761E-03         24.6089E+06 
              175.751E-03         21.9339E+06 
              177.74E-03          19.2383E+06 
              179.729E-03         16.5242E+06 
              181.718E-03         13.7947E+06 
              183.707E-03         11.052E+06  
              185.696E-03          8.29856E+06
              187.685E-03          5.53715E+06
              189.673E-03          2.77002E+06




