
                             cornerrod0_dist-s
                  X                tress      

                0.               708.338E+03  
                2.00002E-03        1.22668E+06
                4.00005E-03        1.78448E+06
                6.00009E-03        2.36002E+06
                8.00013E-03        2.94239E+06
               10.0002E-03         3.5225E+06 
               12.0003E-03         4.10323E+06
               14.0003E-03         4.67733E+06
               16.0004E-03         5.2526E+06 
               18.0005E-03         5.81905E+06
               20.0007E-03         6.38855E+06
               22.0008E-03         6.9456E+06 
               24.0009E-03         7.50895E+06
               26.0011E-03         8.05425E+06
               28.0012E-03         8.61381E+06
               30.0014E-03         9.1481E+06 
               32.0016E-03         9.71759E+06
               34.0017E-03        10.2454E+06 
               36.0019E-03        10.8419E+06 
               38.0021E-03        11.29E+06   
               40.0023E-03        11.7799E+06 
               42.0026E-03        11.6705E+06 
               44.0027E-03        11.9055E+06 
               46.0028E-03        10.0839E+06 
               50.7848E-03        30.2175E+06 
               52.8603E-03        30.9976E+06 
               56.9263E-03        31.9158E+06 
               58.9167E-03        32.1282E+06 
               60.907E-03         32.3858E+06 
               62.8974E-03        32.5549E+06 
               64.8878E-03        32.7343E+06 
               66.8782E-03        32.8645E+06 
               68.8685E-03        32.978E+06  
               70.8589E-03        33.0628E+06 
               72.8493E-03        33.1138E+06 
               74.8397E-03        33.1552E+06 
               76.8301E-03        33.1431E+06 
               78.8205E-03        33.1455E+06 
               80.8108E-03        33.0601E+06 
               82.8012E-03        33.0313E+06 
               84.7916E-03        32.8455E+06 
               86.782E-03         32.8441E+06 
               88.7724E-03        32.5971E+06 
               90.7628E-03        33.0231E+06 
               92.7532E-03        32.3527E+06 
               94.7435E-03        32.8877E+06 
               96.7337E-03        26.928E+06  
              101.098E-03         85.745E+06  
              102.985E-03         85.328E+06  
              106.858E-03         84.7085E+06 
              108.845E-03         83.7189E+06 
              110.832E-03         82.9673E+06 
              112.818E-03         81.9556E+06 
              114.805E-03         81.0256E+06 
              116.791E-03         79.9138E+06 
              118.778E-03         78.8496E+06 
              120.764E-03         77.6393E+06 
              122.751E-03         76.4462E+06 
              124.737E-03         75.1278E+06 
              126.724E-03         73.8024E+06 
              128.71E-03          72.3608E+06 
              130.697E-03         70.8924E+06 
              132.683E-03         69.3124E+06 
              134.669E-03         67.6907E+06 
              136.656E-03         65.9629E+06 
              138.642E-03         64.1852E+06 
              140.628E-03         62.312E+06  
              142.614E-03         60.387E+06  
              144.6E-03           58.3798E+06 
              146.587E-03         56.3278E+06 
              148.573E-03         54.2078E+06 
              150.559E-03         52.0524E+06 
              152.545E-03         49.8485E+06 
              154.531E-03         47.6177E+06 
              156.517E-03         45.3504E+06 
              158.502E-03         43.062E+06  
              160.488E-03         40.7444E+06 
              162.474E-03         38.4064E+06 
              164.46E-03          36.0406E+06 
              166.446E-03         33.6509E+06 
              168.431E-03         31.2305E+06 
              170.417E-03         28.7806E+06 
              172.402E-03         26.2966E+06 
              174.388E-03         23.7789E+06 
              176.373E-03         21.2263E+06 
              178.359E-03         18.6403E+06 
              180.344E-03         16.024E+06  
              182.33E-03          13.3805E+06 
              184.315E-03         10.7172E+06 
              186.3E-03            8.03843E+06
              188.285E-03          5.35698E+06
              190.271E-03          2.68039E+06




