
                             cornerrod3_dist-s
                  X                tress      

                0.               722.183E+03  
                2.00002E-03        1.26676E+06
                4.00005E-03        1.85195E+06
                6.00009E-03        2.45995E+06
                8.00014E-03        3.06992E+06
               10.0002E-03         3.68313E+06
               12.0003E-03         4.28814E+06
               14.0004E-03         4.88981E+06
               16.0005E-03         5.48035E+06
               18.0006E-03         6.0648E+06 
               20.0007E-03         6.63659E+06
               22.0008E-03         7.20009E+06
               24.0009E-03         7.75102E+06
               26.0011E-03         8.29079E+06
               28.0013E-03         8.8225E+06 
               30.0014E-03         9.33867E+06
               32.0016E-03         9.86282E+06
               34.0018E-03        10.3623E+06 
               36.002E-03         10.9095E+06 
               38.0022E-03        11.3858E+06 
               40.0024E-03        11.8923E+06 
               42.0026E-03        12.396E+06  
               44.0028E-03        12.9681E+06 
               46.003E-03         12.6486E+06 
               49.5158E-03        18.8872E+06 
               53.1567E-03        31.1504E+06 
               56.781E-03         31.8783E+06 
               58.7714E-03        32.3263E+06 
               60.7617E-03        32.6763E+06 
               62.7521E-03        32.9389E+06 
               64.7425E-03        33.1731E+06 
               66.7329E-03        33.3616E+06 
               68.7233E-03        33.5235E+06 
               70.7137E-03        33.6338E+06 
               72.704E-03         33.7125E+06 
               74.6945E-03        33.7394E+06 
               76.6848E-03        33.7309E+06 
               78.6752E-03        33.6755E+06 
               80.6656E-03        33.5804E+06 
               82.656E-03         33.4485E+06 
               84.6464E-03        33.2723E+06 
               86.6368E-03        33.0828E+06 
               88.6272E-03        32.9231E+06 
               90.6176E-03        32.7504E+06 
               92.608E-03         32.7465E+06 
               94.5983E-03        32.9636E+06 
               96.5886E-03        30.801E+06  
               99.9988E-03        50.2893E+06 
              106.573E-03         85.2746E+06 
              108.56E-03          84.4533E+06 
              110.546E-03         84.0033E+06 
              112.533E-03         83.1014E+06 
              114.52E-03          82.345E+06  
              116.506E-03         81.3546E+06 
              118.493E-03         80.3232E+06 
              120.479E-03         79.1373E+06 
              122.466E-03         77.8758E+06 
              124.452E-03         76.4861E+06 
              126.439E-03         75.0251E+06 
              128.425E-03         73.4615E+06 
              130.412E-03         71.8434E+06 
              132.398E-03         70.1503E+06 
              134.384E-03         68.4205E+06 
              136.371E-03         66.6388E+06 
              138.357E-03         64.8319E+06 
              140.343E-03         62.9856E+06 
              142.329E-03         61.1145E+06 
              144.315E-03         59.2042E+06 
              146.302E-03         57.2592E+06 
              148.288E-03         55.265E+06  
              150.274E-03         53.2225E+06 
              152.26E-03          51.1178E+06 
              154.246E-03         48.9477E+06 
              156.232E-03         46.704E+06  
              158.218E-03         44.388E+06  
              160.204E-03         41.9993E+06 
              162.189E-03         39.5431E+06 
              164.175E-03         37.0258E+06 
              166.161E-03         34.4568E+06 
              168.147E-03         31.8472E+06 
              170.132E-03         29.2079E+06 
              172.118E-03         26.5512E+06 
              174.103E-03         23.8863E+06 
              176.089E-03         21.2224E+06 
              178.074E-03         18.5639E+06 
              180.06E-03          15.9147E+06 
              182.045E-03         13.2728E+06 
              184.03E-03          10.6363E+06 
              186.015E-03          7.99713E+06
              188.001E-03          5.34999E+06
              189.986E-03          2.68329E+06




