
                             cornerrod9_dist-s
                  X                tress      

                0.               744.348E+03  
                2.00002E-03        1.26813E+06
                4.00005E-03        1.8368E+06 
                6.00009E-03        2.43033E+06
                8.00014E-03        3.02913E+06
               10.0002E-03         3.63011E+06
               12.0003E-03         4.2264E+06 
               14.0004E-03         4.81945E+06
               16.0004E-03         5.40554E+06
               18.0005E-03         5.98669E+06
               20.0007E-03         6.55998E+06
               22.0008E-03         7.12692E+06
               24.0009E-03         7.6853E+06 
               26.0011E-03         8.23609E+06
               28.0012E-03         8.77861E+06
               30.0014E-03         9.31374E+06
               32.0016E-03         9.84429E+06
               34.0018E-03        10.3711E+06 
               36.0019E-03        10.9E+06    
               38.0022E-03        11.4164E+06 
               40.0024E-03        11.9071E+06 
               42.0026E-03        12.2782E+06 
               44.0028E-03        12.2675E+06 
               46.003E-03         10.9875E+06 
               49.5149E-03        14.3195E+06 
               51.2312E-03        22.2346E+06 
               52.9476E-03        28.26E+06   
               56.6503E-03        32.2138E+06 
               58.6406E-03        32.5719E+06 
               60.631E-03         32.9219E+06 
               62.6214E-03        33.2216E+06 
               64.6118E-03        33.4271E+06 
               66.6022E-03        33.6083E+06 
               68.5926E-03        33.7369E+06 
               70.583E-03         33.8467E+06 
               72.5734E-03        33.9095E+06 
               74.5638E-03        33.947E+06  
               76.5542E-03        33.9415E+06 
               78.5446E-03        33.9062E+06 
               80.535E-03         33.8321E+06 
               82.5254E-03        33.7234E+06 
               84.5158E-03        33.5833E+06 
               86.5061E-03        33.4032E+06 
               88.4966E-03        33.2471E+06 
               90.4869E-03        33.0603E+06 
               92.4773E-03        32.9739E+06 
               94.4677E-03        33.067E+06  
               96.458E-03         31.6938E+06 
              100.323E-03         44.1761E+06 
              102.359E-03         68.7868E+06 
              106.376E-03         85.4613E+06 
              108.362E-03         84.9514E+06 
              110.349E-03         84.3951E+06 
              112.336E-03         83.5257E+06 
              114.322E-03         82.6223E+06 
              116.309E-03         81.6301E+06 
              118.295E-03         80.5578E+06 
              120.282E-03         79.4003E+06 
              122.268E-03         78.1615E+06 
              124.255E-03         76.8427E+06 
              126.241E-03         75.4469E+06 
              128.228E-03         73.9752E+06 
              130.214E-03         72.4332E+06 
              132.201E-03         70.8206E+06 
              134.187E-03         69.1441E+06 
              136.173E-03         67.4025E+06 
              138.16E-03          65.6021E+06 
              140.146E-03         63.7411E+06 
              142.132E-03         61.8247E+06 
              144.118E-03         59.8505E+06 
              146.104E-03         57.8232E+06 
              148.09E-03          55.7394E+06 
              150.077E-03         53.6032E+06 
              152.063E-03         51.4123E+06 
              154.049E-03         49.1699E+06 
              156.035E-03         46.875E+06  
              158.02E-03          44.5313E+06 
              160.006E-03         42.1388E+06 
              161.992E-03         39.702E+06  
              163.978E-03         37.2224E+06 
              165.964E-03         34.7048E+06 
              167.949E-03         32.1517E+06 
              169.935E-03         29.5683E+06 
              171.921E-03         26.9573E+06 
              173.906E-03         24.3236E+06 
              175.892E-03         21.6696E+06 
              177.877E-03         18.9992E+06 
              179.862E-03         16.3143E+06 
              181.848E-03         13.6176E+06 
              183.833E-03         10.9102E+06 
              185.818E-03          8.1939E+06 
              187.804E-03          5.46928E+06
              189.789E-03          2.73607E+06




