
                             cornerrod36_dist-
                  X                stress     

                0.               750.522E+03  
                2.00002E-03        1.27741E+06
                4.00005E-03        1.84929E+06
                6.00009E-03        2.44608E+06
                8.00014E-03        3.04804E+06
               10.0002E-03         3.65227E+06
               12.0003E-03         4.25183E+06
               14.0004E-03         4.84844E+06
               16.0005E-03         5.43831E+06
               18.0006E-03         6.02371E+06
               20.0007E-03         6.60151E+06
               22.0008E-03         7.17354E+06
               24.0009E-03         7.73711E+06
               26.0011E-03         8.29355E+06
               28.0012E-03         8.84105E+06
               30.0014E-03         9.38077E+06
               32.0016E-03         9.91316E+06
               34.0018E-03        10.4397E+06 
               36.002E-03         10.9654E+06 
               38.0022E-03        11.4838E+06 
               40.0024E-03        11.9983E+06 
               42.0026E-03        12.4403E+06 
               44.0028E-03        12.6787E+06 
               46.0031E-03        11.9761E+06 
               49.6338E-03        13.5926E+06 
               51.3209E-03        17.7564E+06 
               53.008E-03         21.5532E+06 
               54.6951E-03        25.2197E+06 
               56.3823E-03        28.4421E+06 
               58.0696E-03        31.1099E+06 
               59.7569E-03        32.9102E+06 
               63.49E-03          34.1512E+06 
               65.5361E-03        34.3756E+06 
               67.5823E-03        34.5669E+06 
               69.6284E-03        34.7124E+06 
               71.6745E-03        34.803E+06  
               73.7207E-03        34.8584E+06 
               75.7668E-03        34.8712E+06 
               77.813E-03         34.8504E+06 
               79.8591E-03        34.7884E+06 
               81.9052E-03        34.69E+06   
               83.9514E-03        34.5534E+06 
               85.9975E-03        34.3756E+06 
               88.0436E-03        34.1822E+06 
               90.0897E-03        33.9716E+06 
               92.1359E-03        33.7619E+06 
               94.1819E-03        33.636E+06  
               96.2281E-03        32.584E+06  
              100.236E-03         37.8626E+06 
              102.246E-03         50.4126E+06 
              104.256E-03         62.8964E+06 
              106.267E-03         74.1385E+06 
              108.277E-03         81.9137E+06 
              112.269E-03         85.0025E+06 
              114.25E-03          84.1571E+06 
              116.232E-03         83.2095E+06 
              118.213E-03         82.1422E+06 
              120.194E-03         80.9967E+06 
              122.175E-03         79.77E+06   
              124.156E-03         78.4668E+06 
              126.137E-03         77.0828E+06 
              128.119E-03         75.6236E+06 
              130.1E-03           74.0881E+06 
              132.081E-03         72.4791E+06 
              134.062E-03         70.7977E+06 
              136.043E-03         69.0455E+06 
              138.024E-03         67.2245E+06 
              140.005E-03         65.336E+06  
              141.985E-03         63.3827E+06 
              143.966E-03         61.3656E+06 
              145.947E-03         59.2877E+06 
              147.928E-03         57.1503E+06 
              149.909E-03         54.9564E+06 
              151.889E-03         52.7069E+06 
              153.87E-03          50.4056E+06 
              155.85E-03          48.0539E+06 
              157.831E-03         45.6547E+06 
              159.812E-03         43.2097E+06 
              161.792E-03         40.7221E+06 
              163.772E-03         38.1937E+06 
              165.753E-03         35.6276E+06 
              167.733E-03         33.0256E+06 
              169.713E-03         30.391E+06  
              171.694E-03         27.7258E+06 
              173.674E-03         25.0331E+06 
              175.654E-03         22.3151E+06 
              177.634E-03         19.575E+06  
              179.614E-03         16.815E+06  
              181.594E-03         14.0383E+06 
              183.574E-03         11.2474E+06 
              185.554E-03          8.44518E+06
              187.534E-03          5.63465E+06
              189.514E-03          2.81864E+06




