
                  X            rod_dist-disp  

                0.               -11.3033E-06 
                2.00002E-03      -11.2859E-06 
                4.00005E-03      -11.2558E-06 
                6.00009E-03      -11.2181E-06 
                8.00014E-03      -11.167E-06  
               10.0002E-03       -11.1075E-06 
               12.0003E-03       -11.0344E-06 
               14.0004E-03       -10.9531E-06 
               16.0004E-03       -10.8584E-06 
               18.0005E-03       -10.7557E-06 
               20.0007E-03       -10.6395E-06 
               22.0008E-03       -10.516E-06  
               24.0009E-03       -10.3788E-06 
               26.0011E-03       -10.235E-06  
               28.0012E-03       -10.0773E-06 
               30.0014E-03        -9.91358E-06
               32.0016E-03        -9.73621E-06
               34.0018E-03        -9.55231E-06
               36.0019E-03        -9.35596E-06
               38.0022E-03        -9.15052E-06
               40.0024E-03        -8.93735E-06
               42.0026E-03        -8.71005E-06
               44.0028E-03        -8.49573E-06
               46.003E-03         -8.27116E-06
               49.5149E-03        -8.04597E-06
               51.2312E-03        -7.53289E-06
               52.9476E-03        -7.07588E-06
               54.6641E-03        -6.47369E-06
               56.6545E-03        -5.88697E-06
               58.6448E-03        -5.28845E-06
               60.6352E-03        -4.68822E-06
               62.6256E-03        -4.08269E-06
               64.616E-03         -3.46298E-06
               66.6064E-03        -2.85406E-06
               68.5968E-03        -2.22449E-06
               70.5872E-03        -1.61335E-06
               72.5776E-03      -978.006E-09  
               74.568E-03       -366.232E-09  
               76.5584E-03       272.587E-09  
               78.5487E-03       881.659E-09  
               80.5392E-03         1.5232E-06 
               82.5295E-03         2.12456E-06
               84.52E-03           2.76978E-06
               86.5103E-03         3.35647E-06
               88.5007E-03         4.00922E-06
               90.4911E-03         4.57572E-06
               92.4815E-03         5.24294E-06
               94.4719E-03         5.79691E-06
               96.4622E-03         6.36023E-06
               98.4524E-03         6.81109E-06
              100.488E-03          7.36823E-06
              102.524E-03          8.84447E-06
              104.56E-03          10.3915E-06 
              106.547E-03         12.0807E-06 
              108.533E-03         13.5427E-06 
              110.52E-03          15.1836E-06 
              112.506E-03         16.655E-06  
              114.493E-03         18.2449E-06 
              116.48E-03          19.6985E-06 
              118.466E-03         21.2367E-06 
              120.453E-03         22.6646E-06 
              122.439E-03         24.1478E-06 
              124.426E-03         25.5413E-06 
              126.412E-03         26.9667E-06 
              128.399E-03         28.3176E-06 
              130.385E-03         29.6822E-06 
              132.371E-03         30.9832E-06 
              134.358E-03         32.2836E-06 
              136.344E-03         33.5278E-06 
              138.33E-03          34.7605E-06 
              140.317E-03         35.942E-06  
              142.303E-03         37.1035E-06 
              144.289E-03         38.2167E-06 
              146.275E-03         39.3032E-06 
              148.261E-03         40.3433E-06 
              150.247E-03         41.3513E-06 
              152.233E-03         42.3137E-06 
              154.219E-03         43.2397E-06 
              156.205E-03         44.1202E-06 
              158.191E-03         44.961E-06  
              160.177E-03         45.7558E-06 
              162.163E-03         46.5083E-06 
              164.149E-03         47.2142E-06 
              166.135E-03         47.8755E-06 
              168.12E-03          48.4896E-06 
              170.106E-03         49.0572E-06 
              172.091E-03         49.577E-06  
              174.077E-03         50.0489E-06 
              176.063E-03         50.4723E-06 
              178.048E-03         50.8467E-06 
              180.033E-03         51.1722E-06 
              182.019E-03         51.4477E-06 
              184.004E-03         51.6741E-06 
              185.989E-03         51.8496E-06 
              187.974E-03         51.976E-06  
              189.96E-03          52.051E-06  
              191.945E-03         52.0769E-06 




