
                             cornerrod12_dist-
                  X                stress     

                0.               742.27E+03   
                2.00002E-03        1.26382E+06
                4.00005E-03        1.82989E+06
                6.00009E-03        2.4208E+06 
                8.00014E-03        3.0168E+06 
               10.0002E-03         3.61522E+06
               12.0003E-03         4.20892E+06
               14.0004E-03         4.79992E+06
               16.0004E-03         5.38407E+06
               18.0005E-03         5.96404E+06
               20.0007E-03         6.53625E+06
               22.0008E-03         7.10306E+06
               24.0009E-03         7.66127E+06
               26.0011E-03         8.21286E+06
               28.0012E-03         8.75579E+06
               30.0014E-03         9.29208E+06
               32.0016E-03         9.8228E+06 
               34.0018E-03        10.3503E+06 
               36.0019E-03        10.8794E+06 
               38.0022E-03        11.4001E+06 
               40.0024E-03        11.8979E+06 
               42.0026E-03        12.2846E+06 
               44.0028E-03        12.3199E+06 
               46.003E-03         11.0875E+06 
               49.4265E-03        13.577E+06  
               51.0032E-03        20.0424E+06 
               52.5798E-03        25.7588E+06 
               54.1566E-03        30.0157E+06 
               57.764E-03         32.5531E+06 
               59.7964E-03        32.8627E+06 
               61.8289E-03        33.2037E+06 
               63.8613E-03        33.4488E+06 
               65.8938E-03        33.6509E+06 
               67.9263E-03        33.7933E+06 
               69.9588E-03        33.9139E+06 
               71.9912E-03        33.9886E+06 
               74.0237E-03        34.038E+06  
               76.0562E-03        34.0429E+06 
               78.0886E-03        34.0205E+06 
               80.1211E-03        33.9545E+06 
               82.1536E-03        33.8593E+06 
               84.1861E-03        33.7226E+06 
               86.2185E-03        33.5536E+06 
               88.251E-03         33.3788E+06 
               90.2835E-03        33.2132E+06 
               92.316E-03         33.0601E+06 
               94.3484E-03        33.0287E+06 
               96.3808E-03        31.3747E+06 
              100.046E-03         39.477E+06  
              101.803E-03         59.4013E+06 
              103.559E-03         76.1641E+06 
              107.324E-03         85.3557E+06 
              109.334E-03         84.8696E+06 
              111.344E-03         84.1448E+06 
              113.354E-03         83.2494E+06 
              115.364E-03         82.277E+06  
              117.374E-03         81.2251E+06 
              119.384E-03         80.097E+06  
              121.394E-03         78.8811E+06 
              123.404E-03         77.5912E+06 
              125.414E-03         76.2193E+06 
              127.424E-03         74.7738E+06 
              129.434E-03         73.2515E+06 
              131.444E-03         71.6576E+06 
              133.454E-03         69.9916E+06 
              135.464E-03         68.2569E+06 
              137.473E-03         66.4545E+06 
              139.483E-03         64.5869E+06 
              141.493E-03         62.6555E+06 
              143.502E-03         60.6625E+06 
              145.512E-03         58.6099E+06 
              147.522E-03         56.499E+06  
              149.531E-03         54.3319E+06 
              151.541E-03         52.1107E+06 
              153.55E-03          49.8376E+06 
              155.56E-03          47.514E+06  
              157.569E-03         45.1425E+06 
              159.578E-03         42.7252E+06 
              161.588E-03         40.2649E+06 
              163.597E-03         37.7635E+06 
              165.606E-03         35.2242E+06 
              167.615E-03         32.6494E+06 
              169.624E-03         30.0421E+06 
              171.634E-03         27.4048E+06 
              173.643E-03         24.7409E+06 
              175.652E-03         22.0526E+06 
              177.66E-03          19.3431E+06 
              179.669E-03         16.6148E+06 
              181.678E-03         13.8708E+06 
              183.687E-03         11.1132E+06 
              185.696E-03          8.34467E+06
              187.704E-03          5.56796E+06
              189.713E-03          2.78547E+06




