
                             cornerrod24_dist-
                  X                stress     

                0.               747.743E+03  
                2.00002E-03        1.27308E+06
                4.00005E-03        1.84329E+06
                6.00009E-03        2.43821E+06
                8.00014E-03        3.03847E+06
               10.0002E-03         3.6408E+06 
               12.0003E-03         4.23868E+06
               14.0004E-03         4.83338E+06
               16.0004E-03         5.42164E+06
               18.0006E-03         6.00513E+06
               20.0007E-03         6.58145E+06
               22.0008E-03         7.15158E+06
               24.0009E-03         7.71384E+06
               26.0011E-03         8.26844E+06
               28.0012E-03         8.81502E+06
               30.0014E-03         9.35331E+06
               32.0016E-03         9.88576E+06
               34.0018E-03        10.4121E+06 
               36.002E-03         10.9392E+06 
               38.0022E-03        11.4571E+06 
               40.0024E-03        11.9672E+06 
               42.0026E-03        12.3962E+06 
               44.0028E-03        12.5717E+06 
               46.0031E-03        11.787E+06  
               49.7598E-03        14.0747E+06 
               51.6017E-03        19.4808E+06 
               53.4436E-03        24.3455E+06 
               55.2857E-03        28.6687E+06 
               57.1277E-03        31.5868E+06 
               60.9365E-03        33.4585E+06 
               62.9038E-03        33.7221E+06 
               64.8712E-03        33.9568E+06 
               66.8385E-03        34.1521E+06 
               68.8059E-03        34.2851E+06 
               70.7732E-03        34.3893E+06 
               72.7406E-03        34.4502E+06 
               74.708E-03         34.4846E+06 
               76.6753E-03        34.4787E+06 
               78.6427E-03        34.4434E+06 
               80.61E-03          34.3698E+06 
               82.5774E-03        34.2639E+06 
               84.5448E-03        34.1232E+06 
               86.5121E-03        33.9472E+06 
               88.4795E-03        33.7683E+06 
               90.4468E-03        33.5692E+06 
               92.4142E-03        33.3999E+06 
               94.3815E-03        33.3216E+06 
               96.3488E-03        32.1855E+06 
              100.222E-03         38.8572E+06 
              102.196E-03         54.3463E+06 
              104.17E-03          69.0925E+06 
              106.145E-03         80.0602E+06 
              110.106E-03         85.2267E+06 
              112.093E-03         84.4703E+06 
              114.081E-03         83.6245E+06 
              116.068E-03         82.6375E+06 
              118.056E-03         81.5701E+06 
              120.043E-03         80.4278E+06 
              122.03E-03          79.2033E+06 
              124.018E-03         77.9018E+06 
              126.005E-03         76.5217E+06 
              127.992E-03         75.0667E+06 
              129.98E-03          73.5366E+06 
              131.967E-03         71.9339E+06 
              133.954E-03         70.2599E+06 
              135.941E-03         68.5161E+06 
              137.928E-03         66.7047E+06 
              139.916E-03         64.8268E+06 
              141.903E-03         62.8852E+06 
              143.89E-03          60.8807E+06 
              145.877E-03         58.8165E+06 
              147.864E-03         56.6937E+06 
              149.851E-03         54.515E+06  
              151.837E-03         52.2818E+06 
              153.824E-03         49.9975E+06 
              155.811E-03         47.6631E+06 
              157.798E-03         45.2819E+06 
              159.785E-03         42.8554E+06 
              161.771E-03         40.3869E+06 
              163.758E-03         37.8779E+06 
              165.745E-03         35.3317E+06 
              167.731E-03         32.7501E+06 
              169.718E-03         30.1364E+06 
              171.704E-03         27.4924E+06 
              173.69E-03          24.8216E+06 
              175.677E-03         22.1258E+06 
              177.663E-03         19.4084E+06 
              179.649E-03         16.6715E+06 
              181.635E-03         13.9183E+06 
              183.622E-03         11.1512E+06 
              185.608E-03          8.37289E+06
              187.594E-03          5.58645E+06
              189.58E-03           2.79455E+06




