
                             cornerrod6_dist-s
                  X                tress      

                0.               746.642E+03  
                2.00002E-03        1.27403E+06
                4.00005E-03        1.84716E+06
                6.00009E-03        2.44537E+06
                8.00014E-03        3.04908E+06
               10.0002E-03         3.65463E+06
               12.0003E-03         4.25518E+06
               14.0004E-03         4.85161E+06
               16.0005E-03         5.44037E+06
               18.0006E-03         6.02298E+06
               20.0007E-03         6.59674E+06
               22.0008E-03         7.16289E+06
               24.0009E-03         7.71942E+06
               26.0011E-03         8.26748E+06
               28.0012E-03         8.80636E+06
               30.0014E-03         9.3382E+06 
               32.0016E-03         9.86456E+06
               34.0018E-03        10.3899E+06 
               36.002E-03         10.9141E+06 
               38.0022E-03        11.4275E+06 
               40.0024E-03        11.9031E+06 
               42.0026E-03        12.2594E+06 
               44.0028E-03        12.1811E+06 
               46.003E-03         10.7475E+06 
               49.5922E-03        15.6378E+06 
               51.4808E-03        25.2817E+06 
               56.6968E-03        32.0222E+06 
               58.6871E-03        32.4881E+06 
               60.6775E-03        32.8279E+06 
               62.6679E-03        33.1165E+06 
               64.6583E-03        33.3107E+06 
               66.6487E-03        33.4999E+06 
               68.6391E-03        33.6282E+06 
               70.6295E-03        33.7431E+06 
               72.6199E-03        33.802E+06  
               74.6102E-03        33.8397E+06 
               76.6007E-03        33.8261E+06 
               78.591E-03         33.7874E+06 
               80.5815E-03        33.7018E+06 
               82.5718E-03        33.5882E+06 
               84.5622E-03        33.4348E+06 
               86.5526E-03        33.2525E+06 
               88.543E-03         33.0921E+06 
               90.5334E-03        32.9294E+06 
               92.5238E-03        32.8234E+06 
               94.5141E-03        32.8428E+06 
               96.5045E-03        30.6728E+06 
               99.9505E-03        42.428E+06  
              101.628E-03         67.8942E+06 
              106.514E-03         85.0083E+06 
              108.547E-03         84.7734E+06 
              110.58E-03          83.9894E+06 
              112.612E-03         83.1415E+06 
              114.645E-03         82.2119E+06 
              116.678E-03         81.1879E+06 
              118.711E-03         80.0594E+06 
              120.744E-03         78.8351E+06 
              122.776E-03         77.5163E+06 
              124.809E-03         76.1077E+06 
              126.842E-03         74.616E+06  
              128.874E-03         73.0476E+06 
              130.907E-03         71.4101E+06 
              132.939E-03         69.7101E+06 
              134.972E-03         67.9537E+06 
              137.004E-03         66.1455E+06 
              139.037E-03         64.2887E+06 
              141.069E-03         62.3848E+06 
              143.102E-03         60.4332E+06 
              145.134E-03         58.4327E+06 
              147.166E-03         56.38E+06   
              149.199E-03         54.2714E+06 
              151.231E-03         52.1021E+06 
              153.263E-03         49.8698E+06 
              155.295E-03         47.5742E+06 
              157.327E-03         45.2156E+06 
              159.359E-03         42.7945E+06 
              161.391E-03         40.3143E+06 
              163.423E-03         37.7796E+06 
              165.455E-03         35.1973E+06 
              167.487E-03         32.5746E+06 
              169.519E-03         29.92E+06   
              171.551E-03         27.2411E+06 
              173.583E-03         24.5456E+06 
              175.614E-03         21.8392E+06 
              177.646E-03         19.1271E+06 
              179.677E-03         16.4116E+06 
              181.709E-03         13.6939E+06 
              183.74E-03          10.973E+06  
              185.772E-03          8.24626E+06
              187.803E-03          5.51074E+06
              189.834E-03          2.76184E+06




