
                  X          scalpel_dist-disp

                0.                 1.88473E-03
                1.94098E-03        1.88113E-03
                3.8756E-03         1.87117E-03
                5.80317E-03        1.85405E-03
                7.72392E-03        1.83003E-03
                9.63817E-03        1.79933E-03
               11.5446E-03         1.76071E-03
               13.4456E-03         1.71631E-03
               15.3367E-03         1.66199E-03
               17.2239E-03         1.60337E-03
               19.0983E-03         1.53191E-03
               20.9702E-03         1.45756E-03
               22.8269E-03         1.36797E-03
               24.6799E-03         1.27428E-03
               26.5197E-03         1.16738E-03
               28.3483E-03         1.04834E-03
               30.1861E-03       939.046E-06  
               31.9769E-03       781.202E-06  
               33.7962E-03       649.477E-06  
               35.5226E-03       355.599E-06  
               37.257E-03         82.0829E-06 
               39.0299E-03      -153.487E-06  
               40.7603E-03      -429.859E-06  
               42.5273E-03      -666.847E-06  
               44.2336E-03      -969.449E-06  
               46.0292E-03        -1.17844E-03
               47.6931E-03        -1.52882E-03
               49.4943E-03        -1.73333E-03
               51.067E-03         -2.18763E-03
               52.8584E-03        -2.40987E-03
               54.8052E-03        -2.4632E-03 
               56.648E-03         -2.62216E-03
               58.6001E-03        -2.6705E-03 
               60.4736E-03        -2.79804E-03
               62.4402E-03        -2.83303E-03
               64.3329E-03        -2.94188E-03
               66.308E-03         -2.96916E-03
               68.252E-03         -3.02784E-03
               70.2086E-03        -3.07475E-03
               72.1917E-03        -3.09487E-03
               74.1718E-03        -3.11876E-03
               76.1965E-03        -3.13145E-03
               78.2336E-03        -3.13725E-03
               80.2842E-03        -3.12479E-03
               82.3535E-03        -3.09683E-03
               84.4374E-03        -3.05145E-03
               86.5403E-03        -2.98896E-03
               88.6591E-03        -2.90856E-03
               90.7962E-03        -2.81096E-03
               92.9504E-03        -2.69454E-03
               95.1225E-03        -2.56077E-03
               97.3122E-03        -2.40755E-03
               99.5203E-03        -2.23621E-03
              101.746E-03         -2.0455E-03 
              103.991E-03         -1.83487E-03
              106.252E-03         -1.60617E-03
              108.537E-03         -1.35428E-03
              110.834E-03         -1.08726E-03
              113.16E-03        -791.852E-06  
              115.493E-03       -486.283E-06  
              117.863E-03       -144.918E-06  
              120.233E-03        199.637E-06  
              122.65E-03         589.452E-06  
              125.059E-03        974.322E-06  
              127.525E-03          1.41411E-03
              129.978E-03          1.84365E-03
              132.493E-03          2.33191E-03
              135.003E-03          2.8195E-03 
              137.559E-03          3.34829E-03
              140.19E-03           3.95644E-03
              142.762E-03          4.5026E-03 
              145.639E-03          5.3748E-03 
              148.017E-03          5.74802E-03
              150.707E-03          6.43102E-03
              153.117E-03          6.83561E-03
              155.673E-03          7.38203E-03
              158.078E-03          7.77972E-03
              160.54E-03           8.23134E-03
              162.907E-03          8.58885E-03
              165.286E-03          8.95609E-03
              167.594E-03          9.25433E-03
              169.891E-03          9.54052E-03
              172.13E-03           9.76945E-03
              174.345E-03          9.97411E-03
              176.507E-03         10.127E-03  
              178.637E-03         10.2486E-03 
              180.717E-03         10.3212E-03 
              182.761E-03         10.3584E-03 
              184.756E-03         10.3478E-03 
              186.713E-03         10.3001E-03 
              188.622E-03         10.2059E-03 
              190.492E-03         10.0735E-03 
              192.316E-03          9.89559E-03
              194.101E-03          9.68017E-03
              195.842E-03          9.42025E-03
              197.547E-03          9.12472E-03
              199.209E-03          8.78623E-03
              200.839E-03          8.41507E-03
              202.429E-03          8.00305E-03
              203.991E-03          7.5623E-03 
              205.517E-03          7.08339E-03
              207.02E-03           6.58058E-03
              208.49E-03           6.04294E-03
              209.943E-03          5.4868E-03 
              211.367E-03          4.89969E-03
              212.781E-03          4.29964E-03
              214.169E-03          3.6728E-03 
              215.55E-03           3.03788E-03
              216.912E-03          2.38257E-03
              218.271E-03          1.72308E-03
              219.632E-03          1.06512E-03
              221.016E-03        429.109E-06  
              222.555E-03        -43.0752E-06 
              223.922E-03       -677.09E-06   
              225.095E-03         -1.50956E-03
              226.038E-03         -2.57082E-03
              226.898E-03         -3.74635E-03
              227.628E-03         -5.09368E-03
              228.427E-03         -6.37625E-03
              229.139E-03         -7.81366E-03
              229.981E-03         -9.04135E-03
              230.721E-03        -10.3615E-03 
              231.584E-03        -11.5141E-03 
              232.351E-03        -12.7364E-03 
              233.213E-03        -13.8594E-03 
              233.966E-03        -15.0791E-03 
              235.03E-03         -16.0256E-03 
              236.486E-03        -16.8644E-03 
              238.349E-03        -17.3938E-03 
              241.053E-03        -21.9514E-03 
              243.02E-03         -22.2859E-03 
              244.68E-03         -22.7826E-03 
              245.8E-03          -23.7113E-03 
              247.407E-03        -24.0441E-03 
              248.58E-03         -24.8E-03    
              250.256E-03        -25.0383E-03 
              251.749E-03        -25.46E-03   
              253.49E-03         -25.6266E-03 
              255.249E-03        -25.7749E-03 
              257.222E-03        -25.8151E-03 
              259.233E-03        -25.8423E-03 
              261.44E-03         -25.6279E-03 
              263.839E-03        -25.2382E-03 
              266.589E-03        -24.4812E-03 
              269.723E-03        -23.3489E-03 
              273.338E-03        -21.7326E-03 
              277.265E-03        -19.8075E-03 
              281.384E-03        -17.7052E-03 
              285.549E-03        -15.5561E-03 
              289.795E-03        -13.3266E-03 
              294.065E-03        -11.0738E-03 
              298.39E-03          -8.76485E-03
              302.728E-03         -6.44293E-03
              307.105E-03         -4.08148E-03
              311.488E-03         -1.71433E-03
              315.897E-03        678.405E-06  
              320.302E-03          3.06672E-03
              324.715E-03          5.46268E-03
              329.104E-03          7.83646E-03
              333.477E-03         10.1927E-03 
              337.802E-03         12.5018E-03 
              342.08E-03          14.7636E-03 
              346.285E-03         16.9516E-03 
              350.416E-03         19.0654E-03 
              354.453E-03         21.0838E-03 
              358.396E-03         23.0091E-03 
              362.23E-03          24.8268E-03 
              365.961E-03         26.5416E-03 
              369.579E-03         28.1432E-03 
              373.089E-03         29.6366E-03 
              376.482E-03         31.0119E-03 
              379.759E-03         32.2716E-03 
              382.908E-03         33.4035E-03 
              385.928E-03         34.4069E-03 
              388.805E-03         35.2676E-03 
              391.537E-03         35.9841E-03 
              394.113E-03         36.5429E-03 
              396.534E-03         36.946E-03  
              398.79E-03          37.1836E-03 
              400.891E-03         37.2654E-03 




