
                             scalpel_dist-stre
                  X                  ss       

                0.               445.096E+06  
                1.94098E-03      897.476E+06  
                3.8756E-03         1.79934E+09
                5.80317E-03        2.69437E+09
                7.72392E-03        3.57958E+09
                9.63817E-03        4.4535E+09 
               11.5446E-03         5.31601E+09
               13.4456E-03         6.1658E+09 
               15.3367E-03         7.00899E+09
               17.2239E-03         7.84002E+09
               19.0983E-03         8.67617E+09
               20.9702E-03         9.49997E+09
               22.8269E-03        10.343E+09  
               24.6799E-03        11.1725E+09 
               26.5197E-03        12.0403E+09 
               28.3483E-03        12.8377E+09 
               30.1861E-03        13.4505E+09 
               31.9769E-03        14.4089E+09 
               33.7962E-03        15.0675E+09 
               33.7962E-03        11.993E+09  
               35.5226E-03        11.8431E+09 
               37.257E-03         11.6814E+09 
               39.0299E-03        11.598E+09  
               40.7603E-03        11.3661E+09 
               42.5273E-03        11.0608E+09 
               44.2336E-03        10.7321E+09 
               46.0292E-03        10.3828E+09 
               47.6931E-03        10.2437E+09 
               49.4943E-03        10.4748E+09 
               51.067E-03         10.6795E+09 
               51.067E-03          7.76012E+09
               52.8584E-03         7.40334E+09
               54.8052E-03         6.68527E+09
               56.648E-03          6.15653E+09
               58.6001E-03         5.72645E+09
               60.4736E-03         5.24708E+09
               62.4402E-03         4.79645E+09
               64.3329E-03         4.52687E+09
               66.308E-03          4.30754E+09
               68.252E-03          4.00952E+09
               70.2086E-03         3.83984E+09
               72.1917E-03         3.71807E+09
               74.1718E-03         3.65159E+09
               74.1718E-03         3.8052E+09 
               76.1965E-03         4.05008E+09
               78.2336E-03         4.56385E+09
               80.2842E-03         5.12855E+09
               82.3535E-03         5.7594E+09 
               84.4374E-03         6.43511E+09
               86.5403E-03         7.14441E+09
               88.6591E-03         7.87984E+09
               90.7962E-03         8.63201E+09
               92.9504E-03         9.40119E+09
               95.1225E-03        10.181E+09  
               97.3122E-03        10.9755E+09 
               99.5203E-03        11.7798E+09 
              101.746E-03         12.6003E+09 
              103.991E-03         13.4325E+09 
              106.252E-03         14.2852E+09 
              108.537E-03         15.153E+09  
              110.834E-03         16.0473E+09 
              113.16E-03          16.9619E+09 
              115.493E-03         17.9103E+09 
              117.863E-03         18.8867E+09 
              120.233E-03         19.9042E+09 
              122.65E-03          20.9611E+09 
              125.059E-03         22.065E+09  
              127.525E-03         23.2278E+09 
              129.978E-03         24.4485E+09 
              132.493E-03         25.7798E+09 
              135.003E-03         27.3194E+09 
              137.559E-03         29.2732E+09 
              140.19E-03          31.8493E+09 
              142.762E-03         33.3497E+09 
              145.639E-03         32.5705E+09 
              148.017E-03         30.659E+09  
              150.707E-03         28.7333E+09 
              153.117E-03         27.2703E+09 
              155.673E-03         25.8299E+09 
              158.078E-03         24.317E+09  
              160.54E-03          22.7147E+09 
              162.907E-03         21.0159E+09 
              165.286E-03         19.2498E+09 
              167.594E-03         17.4044E+09 
              169.891E-03         15.516E+09  
              172.13E-03          13.5734E+09 
              174.345E-03         11.6206E+09 
              176.507E-03          9.66786E+09
              178.637E-03          7.79984E+09
              180.717E-03          6.12688E+09
              182.761E-03          5.37821E+09
              182.761E-03          4.52962E+09
              184.756E-03          4.66322E+09
              186.713E-03          5.43744E+09
              188.622E-03          6.97212E+09
              190.492E-03          8.89129E+09
              192.316E-03         10.9836E+09 
              194.101E-03         13.1419E+09 
              195.842E-03         15.3173E+09 
              197.547E-03         17.4722E+09 
              199.209E-03         19.5852E+09 
              200.839E-03         21.6345E+09 
              202.429E-03         23.6041E+09 
              203.991E-03         25.4784E+09 
              205.517E-03         27.2433E+09 
              207.02E-03          28.8878E+09 
              208.49E-03          30.3995E+09 
              209.943E-03         31.7738E+09 
              211.367E-03         33.001E+09  
              212.781E-03         34.0855E+09 
              214.169E-03         35.0107E+09 
              215.55E-03          35.7771E+09 
              216.912E-03         36.2905E+09 
              218.271E-03         36.437E+09  
              219.632E-03         35.6648E+09 
              221.016E-03         32.9759E+09 
              222.555E-03         31.0443E+09 
              223.922E-03         36.5852E+09 
              225.095E-03         46.9305E+09 
              226.038E-03         56.2475E+09 
              226.898E-03         64.7402E+09 
              227.628E-03         71.7946E+09 
              228.427E-03         75.8941E+09 
              229.139E-03         76.0376E+09 
              229.981E-03         74.0496E+09 
              230.721E-03         71.8678E+09 
              231.584E-03         68.9983E+09 
              232.351E-03         67.1654E+09 
              233.213E-03         67.4106E+09 
              233.966E-03         62.0247E+09 
              235.03E-03          48.0285E+09 
              236.486E-03         38.2439E+09 
              238.349E-03         34.1033E+09 
              241.053E-03         23.6009E+09 
              243.02E-03          26.4362E+09 
              244.68E-03          30.9104E+09 
              245.8E-03           59.7859E+09 
              247.407E-03         30.5555E+09 
              248.58E-03          25.9774E+09 
              250.256E-03         20.7297E+09 
              251.749E-03         15.4331E+09 
              253.49E-03           9.9087E+09 
              255.249E-03          4.78334E+09
              257.222E-03          2.61046E+09
              259.233E-03          7.06042E+09
              261.44E-03          17.0751E+09 
              263.839E-03         31.4602E+09 
              266.589E-03         50.817E+09  
              269.723E-03         73.6377E+09 
              273.338E-03         94.5565E+09 
              277.265E-03        107.716E+09  
              281.384E-03        113.745E+09  
              285.549E-03        117.198E+09  
              289.795E-03        120.072E+09  
              294.065E-03        122.426E+09  
              298.39E-03         124.359E+09  
              302.728E-03        125.885E+09  
              307.105E-03        127.062E+09  
              311.488E-03        127.863E+09  
              315.897E-03        128.273E+09  
              320.302E-03        128.219E+09  
              324.715E-03        127.641E+09  
              329.104E-03        126.459E+09  
              333.477E-03        124.628E+09  
              337.802E-03        122.109E+09  
              342.08E-03         118.918E+09  
              346.285E-03        115.088E+09  
              350.416E-03        110.697E+09  
              354.453E-03        105.829E+09  
              358.396E-03        100.582E+09  
              362.23E-03          95.0345E+09 
              365.961E-03         89.2531E+09 
              369.579E-03         83.2655E+09 
              373.089E-03         77.0744E+09 
              376.482E-03         70.6506E+09 
              379.759E-03         63.9539E+09 
              382.908E-03         56.9379E+09 
              385.928E-03         49.5725E+09 
              388.805E-03         41.8506E+09 
              391.537E-03         33.8011E+09 
              394.113E-03         25.4879E+09 
              396.534E-03         17.0086E+09 
              398.79E-03           8.48837E+09
              400.891E-03          4.23858E+09




