
                             spiralrod3_2_dist
                  X                -disp      

                0.                 6.19703E-06
                1.99995E-03        6.14206E-06
                3.99988E-03        6.07849E-06
                5.99977E-03        5.96516E-06
                7.99964E-03        5.82968E-06
                9.99945E-03        5.6419E-06 
               11.9992E-03         5.42913E-06
               13.999E-03          5.1665E-06 
               15.9987E-03         4.87897E-06
               17.9984E-03         4.54615E-06
               19.998E-03          4.18953E-06
               21.9977E-03         3.79316E-06
               23.9972E-03         3.37464E-06
               25.9968E-03         2.92288E-06
               27.9963E-03         2.45058E-06
               29.9959E-03         1.95324E-06
               31.9954E-03         1.43562E-06
               33.9948E-03       904.036E-09  
               35.9943E-03       348.869E-09  
               37.9937E-03      -204.369E-09  
               39.9932E-03      -790.875E-09  
               41.9926E-03        -1.35128E-06
               43.992E-03         -1.96014E-06
               45.9915E-03        -2.50328E-06
               47.9909E-03        -3.06976E-06
               49.9905E-03        -3.52121E-06
               51.7765E-03        -3.88149E-06
               53.5621E-03        -4.67141E-06
               55.3478E-03        -5.31396E-06
               57.1331E-03        -6.35481E-06
               58.9187E-03        -7.16411E-06
               60.7038E-03        -8.41115E-06
               62.4893E-03        -9.28113E-06
               64.2743E-03       -10.6365E-06 
               66.1144E-03       -11.379E-06  
               67.9538E-03       -12.7612E-06 
               69.7941E-03       -13.2945E-06 
               71.6335E-03       -14.6555E-06 
               73.474E-03        -15.0332E-06 
               75.3115E-03       -18.3615E-06 
               76.5847E-03       -19.6745E-06 
               79.4164E-03       -17.2034E-06 
               81.4166E-03       -17.0449E-06 
               84.2488E-03       -13.3468E-06 
               86.4844E-03       -16.3398E-06 
               88.721E-03        -18.4306E-06 
               90.9591E-03       -18.9532E-06 
               92.8005E-03       -18.4393E-06 
               94.6417E-03       -18.033E-06  
               96.4819E-03       -18.6936E-06 
               98.3228E-03       -18.6127E-06 
              100.163E-03        -18.8531E-06 
              102.005E-03        -18.3783E-06 
              104.005E-03        -18.9635E-06 
              106.006E-03        -18.1363E-06 
              108.007E-03        -17.9064E-06 
              110.008E-03        -16.7605E-06 
              112.01E-03         -15.4928E-06 
              114.013E-03        -12.9951E-06 
              116.016E-03        -10.192E-06  
              118.021E-03         -6.40543E-06
              120.012E-03         -2.82167E-06
              122.003E-03          1.16811E-06
              123.995E-03          4.92102E-06
              125.986E-03          8.95784E-06
              127.978E-03         12.7961E-06 
              129.969E-03         16.8455E-06 
              131.961E-03         20.7378E-06 
              133.953E-03         24.7985E-06 
              135.944E-03         28.7447E-06 
              137.936E-03         32.8276E-06 
              139.927E-03         36.8227E-06 
              141.919E-03         40.9142E-06 
              143.911E-03         44.9168E-06 
              145.902E-03         48.9599E-06 
              147.894E-03         52.8897E-06 
              149.885E-03         56.799E-06  
              151.877E-03         60.5667E-06 
              153.868E-03         64.2663E-06 
              155.859E-03         67.8105E-06 
              157.85E-03          71.264E-06  
              159.841E-03         74.5669E-06 
              161.832E-03         77.775E-06  
              163.823E-03         80.8441E-06 
              165.813E-03         83.8145E-06 
              167.804E-03         86.6449E-06 
              169.794E-03         89.3566E-06 
              171.784E-03         91.9063E-06 
              173.774E-03         94.3003E-06 
              175.764E-03         96.4981E-06 
              177.753E-03         98.5014E-06 
              179.743E-03        100.281E-06  
              181.732E-03        101.845E-06  
              183.721E-03        103.18E-06   
              185.71E-03         104.299E-06  
              187.698E-03        105.204E-06  
              189.686E-03        105.907E-06  
              191.674E-03        106.411E-06  
              193.662E-03        106.718E-06  
              195.65E-03         106.822E-06  




