
                             spiralrod2_1_dist
                  X               -raddisp    

                0.               -12.6096E-06 
                2.E-03           -12.2611E-06 
                4.E-03           -11.7461E-06 
                5.99999E-03      -11.0693E-06 
                7.99998E-03      -10.2433E-06 
                9.99996E-03       -9.27983E-06
               11.9999E-03        -8.19471E-06
               13.9999E-03        -7.00357E-06
               15.9999E-03        -5.7249E-06 
               17.9998E-03        -4.37652E-06
               19.9998E-03        -2.97842E-06
               21.9998E-03        -1.54925E-06
               23.9998E-03      -109.48E-09   
               25.9998E-03         1.32278E-06
               27.9998E-03         2.72739E-06
               29.9998E-03         4.08802E-06
               31.9998E-03         5.38538E-06
               33.9998E-03         6.60617E-06
               35.9999E-03         7.73184E-06
               37.9999E-03         8.75374E-06
               40.E-03             9.65275E-06
               42.0001E-03        10.4284E-06 
               44.0001E-03        11.0557E-06 
               46.0002E-03        11.5552E-06 
               49.7216E-03        10.9881E-06 
               51.5081E-03        10.2573E-06 
               53.2946E-03         9.57162E-06
               55.0811E-03         8.94352E-06
               56.8677E-03         8.36522E-06
               58.6543E-03         7.8335E-06 
               60.4409E-03         7.35678E-06
               64.4108E-03         6.38708E-06
               66.5944E-03         5.74159E-06
               68.778E-03          5.0068E-06 
               70.9615E-03         4.16343E-06
               73.1448E-03         3.2717E-06 
               75.5473E-03         1.94321E-06
               77.7842E-03       327.912E-09  
               79.8465E-03        -1.15352E-06
               81.8702E-03        -2.93365E-06
               83.8313E-03        -4.42686E-06
               85.7924E-03        -5.95047E-06
               87.7538E-03        -7.26721E-06
               89.9376E-03        -8.39533E-06
               92.1212E-03        -9.52417E-06
               94.3048E-03       -10.3712E-06 
               96.4885E-03       -11.1174E-06 
              100.582E-03        -10.1142E-06 
              102.584E-03         -8.82686E-06
              104.585E-03         -7.6832E-06 
              106.586E-03         -6.6562E-06 
              108.588E-03         -5.73405E-06
              110.591E-03         -4.9083E-06 
              112.594E-03         -4.26899E-06
              116.587E-03         -4.22075E-06
              118.576E-03         -4.77531E-06
              120.566E-03         -5.78757E-06
              122.556E-03         -7.21221E-06
              124.546E-03         -8.91673E-06
              126.536E-03        -10.6809E-06 
              128.527E-03        -12.2661E-06 
              130.517E-03        -13.4427E-06 
              132.507E-03        -14.0478E-06 
              134.498E-03        -14.0011E-06 
              136.488E-03        -13.3265E-06 
              138.478E-03        -12.1349E-06 
              140.468E-03        -10.6071E-06 
              142.458E-03         -8.95224E-06
              144.447E-03         -7.37306E-06
              146.436E-03         -6.02809E-06
              148.426E-03         -5.00816E-06
              150.415E-03         -4.32648E-06
              152.404E-03         -3.92163E-06
              154.393E-03         -3.68037E-06
              156.383E-03         -3.459E-06  
              158.372E-03         -3.11598E-06
              160.361E-03         -2.54127E-06
              162.351E-03         -1.66929E-06
              164.34E-03        -493.602E-09  
              166.329E-03        941.057E-09  
              168.318E-03          2.54649E-06
              170.307E-03          4.21259E-06
              172.295E-03          5.82417E-06
              174.284E-03          7.28082E-06
              176.272E-03          8.50739E-06
              178.26E-03           9.46123E-06
              180.248E-03         10.1301E-06 
              182.236E-03         10.5272E-06 
              184.224E-03         10.6817E-06 
              186.212E-03         10.6301E-06 
              188.2E-03           10.4074E-06 
              190.188E-03         10.0425E-06 




