
                             spiralrod3_2_dist
                  X               -stress     

                0.                12.4324E+06 
                1.99995E-03       24.8723E+06 
                3.99988E-03       49.3668E+06 
                5.99977E-03       73.164E+06  
                7.99964E-03       96.0966E+06 
                9.99945E-03      117.803E+06  
               11.9992E-03       138.006E+06  
               13.999E-03        156.436E+06  
               15.9987E-03       172.857E+06  
               17.9984E-03       187.056E+06  
               19.998E-03        198.851E+06  
               21.9977E-03       208.09E+06   
               23.9972E-03       214.655E+06  
               25.9968E-03       218.463E+06  
               27.9963E-03       219.466E+06  
               29.9959E-03       217.656E+06  
               31.9954E-03       213.057E+06  
               33.9948E-03       205.74E+06   
               35.9943E-03       195.801E+06  
               37.9937E-03       183.381E+06  
               39.9932E-03       168.596E+06  
               41.9926E-03       151.54E+06   
               43.992E-03        132.093E+06  
               45.9915E-03       109.34E+06   
               47.9909E-03        85.2564E+06 
               49.9905E-03        73.5546E+06 
               51.7765E-03        73.6356E+06 
               53.5621E-03        74.2633E+06 
               55.3478E-03        74.5425E+06 
               57.1331E-03        73.4489E+06 
               58.9187E-03        71.1378E+06 
               60.7038E-03        68.1539E+06 
               62.4893E-03        65.2864E+06 
               64.2743E-03        63.8455E+06 
               66.1144E-03        65.3075E+06 
               67.9538E-03        70.6923E+06 
               69.7941E-03        77.3577E+06 
               71.6335E-03        89.6096E+06 
               73.474E-03        117.978E+06  
               75.3115E-03       156.615E+06  
               76.5847E-03       301.437E+06  
               79.4164E-03       285.51E+06   
               81.4166E-03       291.722E+06  
               84.2488E-03       271.89E+06   
               86.4844E-03       259.582E+06  
               88.721E-03        144.662E+06  
               90.9591E-03       177.765E+06  
               92.8005E-03       102.717E+06  
               94.6417E-03        87.0372E+06 
               96.4819E-03        69.7625E+06 
               98.3228E-03        52.397E+06  
              100.163E-03         34.9372E+06 
              102.005E-03         26.5916E+06 
              104.005E-03         24.1747E+06 
              106.006E-03         24.6875E+06 
              108.007E-03         37.1697E+06 
              110.008E-03         61.9727E+06 
              112.01E-03          97.8785E+06 
              114.013E-03        141.8E+06    
              116.016E-03        182.79E+06   
              118.021E-03        207.761E+06  
              120.012E-03        217.365E+06  
              122.003E-03        221.317E+06  
              123.995E-03        223.975E+06  
              125.986E-03        225.653E+06  
              127.978E-03        226.484E+06  
              129.969E-03        226.685E+06  
              131.961E-03        226.473E+06  
              133.953E-03        225.969E+06  
              135.944E-03        225.257E+06  
              137.936E-03        224.304E+06  
              139.927E-03        223.029E+06  
              141.919E-03        221.294E+06  
              143.911E-03        218.972E+06  
              145.902E-03        215.974E+06  
              147.894E-03        212.287E+06  
              149.885E-03        207.984E+06  
              151.877E-03        203.213E+06  
              153.868E-03        198.169E+06  
              155.859E-03        193.043E+06  
              157.85E-03         187.98E+06   
              159.841E-03        183.033E+06  
              161.832E-03        178.147E+06  
              163.823E-03        173.164E+06  
              165.813E-03        167.857E+06  
              167.804E-03        161.96E+06   
              169.794E-03        155.233E+06  
              171.784E-03        147.491E+06  
              173.774E-03        138.646E+06  
              175.764E-03        128.709E+06  
              177.753E-03        117.788E+06  
              179.743E-03        106.056E+06  
              181.732E-03         93.7206E+06 
              183.721E-03         80.9736E+06 
              185.71E-03          67.9685E+06 
              187.698E-03         54.7903E+06 
              189.686E-03         41.4542E+06 
              191.674E-03         27.9161E+06 
              193.662E-03         14.0969E+06 
              195.65E-03           7.10401E+06




