
                             spiralrod2_2_dist
                  X               -stress     

                0.                21.1358E+06 
                1.92303E-03       41.9176E+06 
                3.84601E-03       62.135E+06  
                5.76898E-03       81.6487E+06 
                7.69192E-03      100.165E+06  
                9.61483E-03      117.457E+06  
               11.5377E-03       133.305E+06  
               13.4606E-03       147.513E+06  
               15.3834E-03       159.907E+06  
               17.3062E-03       170.334E+06  
               19.2289E-03       178.665E+06  
               21.1517E-03       184.8E+06    
               23.0744E-03       188.662E+06  
               24.9971E-03       190.207E+06  
               26.9198E-03       189.417E+06  
               28.8425E-03       186.305E+06  
               30.7652E-03       180.914E+06  
               32.6878E-03       173.316E+06  
               34.6105E-03       163.613E+06  
               36.5331E-03       151.931E+06  
               38.4557E-03       138.391E+06  
               40.3783E-03       123.036E+06  
               42.3009E-03       105.776E+06  
               44.2236E-03        85.6666E+06 
               46.1462E-03        65.2368E+06 
               50.043E-03         55.151E+06  
               52.0837E-03        53.4055E+06 
               54.1246E-03        51.3507E+06 
               56.1651E-03        50.1611E+06 
               58.2057E-03        50.9961E+06 
               60.2461E-03        54.7152E+06 
               64.4684E-03        68.2837E+06 
               66.6509E-03        77.156E+06  
               68.8332E-03        86.9737E+06 
               71.016E-03        106.497E+06  
               73.1967E-03       127.081E+06  
               75.5971E-03       238.405E+06  
               78.4291E-03       269.069E+06  
               81.2611E-03       186.817E+06  
               83.2201E-03       204.155E+06  
               85.1798E-03       194.145E+06  
               87.1404E-03       125.928E+06  
               89.101E-03        150.149E+06  
               91.2849E-03        93.4466E+06 
               93.4684E-03        77.9138E+06 
               95.6514E-03        61.0841E+06 
               97.8348E-03        43.3403E+06 
              101.928E-03         27.394E+06  
              103.929E-03         34.8901E+06 
              105.93E-03          49.4106E+06 
              107.932E-03         73.004E+06  
              109.934E-03        105.635E+06  
              111.936E-03        143.605E+06  
              113.94E-03         176.53E+06   
              117.934E-03        198.905E+06  
              119.926E-03        199.877E+06  
              121.917E-03        200.785E+06  
              123.908E-03        201.544E+06  
              125.899E-03        202.211E+06  
              127.891E-03        202.661E+06  
              129.882E-03        202.939E+06  
              131.873E-03        202.99E+06   
              133.865E-03        202.861E+06  
              135.856E-03        202.542E+06  
              137.847E-03        202.076E+06  
              139.838E-03        201.445E+06  
              141.83E-03         200.649E+06  
              143.821E-03        199.627E+06  
              145.812E-03        198.319E+06  
              147.803E-03        196.62E+06   
              149.794E-03        194.439E+06  
              151.785E-03        191.673E+06  
              153.776E-03        188.245E+06  
              155.766E-03        184.1E+06    
              157.757E-03        179.208E+06  
              159.748E-03        173.583E+06  
              161.738E-03        167.264E+06  
              163.728E-03        160.296E+06  
              165.718E-03        152.746E+06  
              167.708E-03        144.667E+06  
              169.698E-03        136.103E+06  
              171.688E-03        127.075E+06  
              173.677E-03        117.589E+06  
              175.667E-03        107.637E+06  
              177.656E-03         97.2054E+06 
              179.645E-03         86.2859E+06 
              181.634E-03         74.8864E+06 
              183.622E-03         63.0382E+06 
              185.611E-03         50.8006E+06 
              187.599E-03         38.2618E+06 
              189.587E-03         25.5346E+06 
              191.575E-03         12.751E+06  




