
                             spiralrod1_2_dist
                  X               -raddisp    

                0.               -42.0436E-06 
                1.99998E-03      -41.7043E-06 
                3.99994E-03      -40.7745E-06 
                5.99988E-03      -39.3013E-06 
                7.9998E-03       -37.2926E-06 
                9.99969E-03      -34.7836E-06 
               11.9996E-03       -31.8035E-06 
               13.9994E-03       -28.3987E-06 
               15.9992E-03       -24.6114E-06 
               17.999E-03        -20.4989E-06 
               19.9988E-03       -16.1117E-06 
               21.9986E-03       -11.516E-06  
               23.9983E-03        -6.76643E-06
               25.9981E-03        -1.9361E-06 
               27.9978E-03         2.92113E-06
               29.9976E-03         7.72698E-06
               31.9973E-03        12.4343E-06 
               33.997E-03         16.9593E-06 
               35.9968E-03        21.2701E-06 
               37.9965E-03        25.2733E-06 
               39.9963E-03        28.9657E-06 
               41.9961E-03        32.2302E-06 
               43.9959E-03        35.1222E-06 
               45.9957E-03        37.462E-06  
               47.9955E-03        39.4402E-06 
               49.9954E-03        40.6421E-06 
               49.9954E-03        40.6421E-06 
               51.7816E-03        37.9364E-06 
               53.5678E-03        35.741E-06  
               55.3539E-03        33.6873E-06 
               57.14E-03          31.8664E-06 
               58.926E-03         30.1714E-06 
               60.7122E-03        28.6894E-06 
               62.4981E-03        27.3091E-06 
               64.2843E-03        26.1576E-06 
               64.2843E-03        26.1576E-06 
               66.1246E-03        24.8612E-06 
               67.9653E-03        23.3656E-06 
               69.8056E-03        21.5292E-06 
               71.6463E-03        19.5124E-06 
               73.4865E-03        17.2351E-06 
               75.3263E-03        14.8016E-06 
               78.5986E-03         8.19439E-06
               80.6054E-03       101.05E-09   
               82.7831E-03        -6.4187E-06 
               84.9612E-03       -12.7679E-06 
               87.14E-03         -18.8198E-06 
               89.3189E-03       -24.0198E-06 
               98.0324E-03       101.05E-09   
               99.1212E-03        -3.13912E-06
              100.21E-03          -6.4187E-06 
              101.299E-03         -9.61938E-06
              102.388E-03        -12.7679E-06 
              103.478E-03        -15.8518E-06 
              104.567E-03        -18.8198E-06 
              105.657E-03        -21.7238E-06 
              106.746E-03        -24.0198E-06 
              108.588E-03        -26.7094E-06 
              110.428E-03        -29.6145E-06 
              112.269E-03        -31.8065E-06 
              114.11E-03         -33.8798E-06 
              115.951E-03        -35.377E-06  
              117.792E-03        -36.5034E-06 
              119.793E-03        -31.5257E-06 
              121.794E-03        -27.3675E-06 
              123.795E-03        -23.7152E-06 
              125.797E-03        -20.8945E-06 
              127.799E-03        -18.8268E-06 
              129.802E-03        -17.785E-06  
              131.805E-03        -17.8231E-06 
              133.809E-03        -19.2331E-06 
              133.809E-03        -19.2331E-06 
              135.799E-03        -21.3912E-06 
              137.789E-03        -23.7076E-06 
              139.779E-03        -26.3277E-06 
              141.77E-03         -29.2737E-06 
              143.76E-03         -32.4253E-06 
              145.751E-03        -35.5642E-06 
              147.742E-03        -38.3968E-06 
              149.733E-03        -40.6245E-06 
              151.724E-03        -41.9823E-06 
              153.715E-03        -42.2963E-06 
              155.706E-03        -41.5023E-06 
              157.697E-03        -39.6631E-06 
              159.688E-03        -36.9472E-06 
              161.678E-03        -33.605E-06  
              163.668E-03        -29.9191E-06 
              165.658E-03        -26.1648E-06 
              167.648E-03        -22.5597E-06 
              169.638E-03        -19.2436E-06 
              171.628E-03        -16.2502E-06 
              173.618E-03        -13.532E-06  
              175.608E-03        -10.9563E-06 
              177.598E-03         -8.34938E-06
              179.588E-03         -5.53997E-06
              181.578E-03         -2.376E-06  
              183.568E-03          1.22503E-06
              185.557E-03          5.27643E-06
              187.547E-03          9.7026E-06 
              189.536E-03         14.3612E-06 
              191.525E-03         19.0522E-06 
              193.514E-03         23.5541E-06 
              195.503E-03         27.6458E-06 
              197.491E-03         31.1404E-06 
              199.479E-03         33.9013E-06 
              201.467E-03         35.8585E-06 
              203.456E-03         37.007E-06  
              205.444E-03         37.4013E-06 
              207.431E-03         37.1355E-06 
              209.419E-03         36.3196E-06 
              211.407E-03         35.0502E-06 




