
                             spiralrod1_2_dist
                  X                -disp      

                0.                 1.36575E-06
                1.99998E-03        1.34123E-06
                3.99994E-03        1.30954E-06
                5.99988E-03        1.24766E-06
                7.9998E-03         1.16816E-06
                9.99969E-03        1.05616E-06
               11.9996E-03       924.303E-09  
               13.9994E-03       761.74E-09   
               15.9992E-03       580.786E-09  
               17.999E-03        373.974E-09  
               19.9988E-03       152.503E-09  
               21.9986E-03       -87.8748E-09 
               23.9983E-03      -337.929E-09  
               25.9981E-03      -598.584E-09  
               27.9978E-03      -863.875E-09  
               29.9976E-03        -1.13069E-06
               31.9973E-03        -1.39851E-06
               33.997E-03         -1.65831E-06
               35.9968E-03        -1.91856E-06
               37.9965E-03        -2.16064E-06
               39.9963E-03        -2.40725E-06
               41.9961E-03        -2.62397E-06
               43.9959E-03        -2.85271E-06
               45.9957E-03        -3.03763E-06
               47.9955E-03        -3.21743E-06
               49.9954E-03        -3.32812E-06
               49.9954E-03        -3.32812E-06
               51.7816E-03        -3.49961E-06
               53.5678E-03        -3.64698E-06
               55.3539E-03        -3.91329E-06
               57.14E-03          -4.10991E-06
               58.926E-03         -4.45899E-06
               60.7122E-03        -4.67251E-06
               62.4981E-03        -5.09925E-06
               64.2843E-03        -5.29803E-06
               64.2843E-03        -5.29803E-06
               66.1246E-03        -5.76969E-06
               67.9653E-03        -5.92699E-06
               69.8056E-03        -6.44687E-06
               71.6463E-03        -6.51907E-06
               73.4865E-03        -7.14422E-06
               75.3263E-03        -8.21953E-06
               78.5986E-03       -10.3449E-06 
               80.6054E-03        -3.60791E-06
               82.7831E-03        -4.84863E-06
               84.9612E-03        -5.76999E-06
               87.14E-03          -5.91311E-06
               89.3189E-03        -6.0283E-06 
               98.0324E-03        -3.60791E-06
               99.1212E-03        -4.2892E-06 
              100.21E-03          -4.84863E-06
              101.299E-03         -5.36981E-06
              102.388E-03         -5.76999E-06
              103.478E-03         -5.90616E-06
              104.567E-03         -5.91311E-06
              105.657E-03         -5.85703E-06
              106.746E-03         -6.0283E-06 
              108.588E-03         -5.22791E-06
              110.428E-03         -5.48581E-06
              112.269E-03         -5.03712E-06
              114.11E-03          -5.18307E-06
              115.951E-03         -4.78845E-06
              117.792E-03         -4.76989E-06
              119.793E-03         -4.42614E-06
              121.794E-03         -3.90939E-06
              123.795E-03         -3.11145E-06
              125.797E-03         -1.93854E-06
              127.799E-03       -287.544E-09  
              129.802E-03          1.93909E-06
              131.805E-03          4.61413E-06
              133.809E-03          7.52015E-06
              133.809E-03          7.52015E-06
              135.799E-03         10.2602E-06 
              137.789E-03         12.9225E-06 
              139.779E-03         15.5404E-06 
              141.77E-03          18.2797E-06 
              143.76E-03          21.1514E-06 
              145.751E-03         24.262E-06  
              147.742E-03         27.5455E-06 
              149.733E-03         31.0228E-06 
              151.724E-03         34.5592E-06 
              153.715E-03         38.1213E-06 
              155.706E-03         41.5606E-06 
              157.697E-03         44.8523E-06 
              159.688E-03         47.8954E-06 
              161.678E-03         50.7212E-06 
              163.668E-03         53.3019E-06 
              165.658E-03         55.7251E-06 
              167.648E-03         58.0129E-06 
              169.638E-03         60.2706E-06 
              171.628E-03         62.5169E-06 
              173.618E-03         64.8241E-06 
              175.608E-03         67.1707E-06 
              177.598E-03         69.5742E-06 
              179.588E-03         71.9674E-06 
              181.578E-03         74.3277E-06 
              183.568E-03         76.5709E-06 
              185.557E-03         78.6709E-06 
              187.547E-03         80.5619E-06 
              189.536E-03         82.2444E-06 
              191.525E-03         83.6883E-06 
              193.514E-03         84.9259E-06 
              195.503E-03         85.9556E-06 
              197.491E-03         86.8254E-06 
              199.479E-03         87.5416E-06 
              201.467E-03         88.147E-06  
              203.456E-03         88.6384E-06 
              205.444E-03         89.0415E-06 
              207.431E-03         89.3383E-06 
              209.419E-03         89.5367E-06 
              211.407E-03         89.6004E-06 




