
                             spiralrod3_2_dist
                  X               -raddisp    

                0.               -63.1192E-06 
                1.99995E-03      -62.7321E-06 
                3.99988E-03      -61.4961E-06 
                5.99977E-03      -59.478E-06  
                7.99964E-03      -56.6852E-06 
                9.99945E-03      -53.1634E-06 
               11.9992E-03       -48.9502E-06 
               13.999E-03        -44.1068E-06 
               15.9987E-03       -38.6889E-06 
               17.9984E-03       -32.7737E-06 
               19.998E-03        -26.4294E-06 
               21.9977E-03       -19.7468E-06 
               23.9972E-03       -12.8015E-06 
               25.9968E-03        -5.69544E-06
               27.9963E-03         1.49514E-06
               29.9959E-03         8.65883E-06
               31.9954E-03        15.7272E-06 
               33.9948E-03        22.5791E-06 
               35.9943E-03        29.1657E-06 
               37.9937E-03        35.3508E-06 
               39.9932E-03        41.1232E-06 
               41.9926E-03        46.316E-06  
               43.992E-03         50.9912E-06 
               45.9915E-03        54.9081E-06 
               47.9909E-03        58.29E-06   
               49.9905E-03        60.4989E-06 
               51.7765E-03        56.9486E-06 
               53.5621E-03        54.3499E-06 
               55.3478E-03        52.0661E-06 
               57.1331E-03        50.2722E-06 
               58.9187E-03        48.8393E-06 
               60.7038E-03        47.8229E-06 
               62.4893E-03        47.1503E-06 
               64.2743E-03        46.812E-06  
               66.1144E-03        46.3993E-06 
               67.9538E-03        45.445E-06  
               69.7941E-03        44.0243E-06 
               71.6335E-03        42.1621E-06 
               73.474E-03         39.6037E-06 
               75.3115E-03        36.9681E-06 
               76.5847E-03        34.5418E-06 
               79.4164E-03        13.4362E-06 
               81.4166E-03         6.65497E-06
               84.2488E-03        -1.1508E-06 
               86.4844E-03       -14.5723E-06 
               88.721E-03        -27.734E-06  
               90.9591E-03       -36.6315E-06 
               92.8005E-03       -38.8526E-06 
               94.6417E-03       -43.1823E-06 
               96.4819E-03       -45.2739E-06 
               98.3228E-03       -47.9817E-06 
              100.163E-03        -49.2971E-06 
              102.005E-03        -50.6184E-06 
              104.005E-03        -43.0368E-06 
              106.006E-03        -36.2385E-06 
              108.007E-03        -30.4041E-06 
              110.008E-03        -25.2912E-06 
              112.01E-03         -20.9287E-06 
              114.013E-03        -17.1515E-06 
              116.016E-03        -13.8887E-06 
              118.021E-03        -11.048E-06  
              120.012E-03         -8.36298E-06
              122.003E-03         -5.50785E-06
              123.995E-03         -2.55116E-06
              125.986E-03        451.244E-09  
              127.978E-03          3.40818E-06
              129.969E-03          6.25596E-06
              131.961E-03          8.91031E-06
              133.953E-03         11.3267E-06 
              135.944E-03         13.4534E-06 
              137.936E-03         15.2787E-06 
              139.927E-03         16.7867E-06 
              141.919E-03         17.9904E-06 
              143.911E-03         18.8927E-06 
              145.902E-03         19.5104E-06 
              147.894E-03         19.8431E-06 
              149.885E-03         19.895E-06  
              151.877E-03         19.6532E-06 
              153.868E-03         19.1112E-06 
              155.859E-03         18.2528E-06 
              157.85E-03          17.0786E-06 
              159.841E-03         15.5911E-06 
              161.832E-03         13.8105E-06 
              163.823E-03         11.7721E-06 
              165.813E-03          9.52443E-06
              167.804E-03          7.12557E-06
              169.794E-03          4.63926E-06
              171.784E-03          2.12743E-06
              173.774E-03       -352.481E-09  
              175.764E-03         -2.75339E-06
              177.753E-03         -5.03744E-06
              179.743E-03         -7.17755E-06
              181.732E-03         -9.15247E-06
              183.721E-03        -10.9457E-06 
              185.71E-03         -12.5392E-06 
              187.698E-03        -13.9136E-06 
              189.686E-03        -15.0444E-06 
              191.674E-03        -15.9059E-06 
              193.662E-03        -16.4725E-06 
              195.65E-03         -16.723E-06  




