
                  X                  U3       

                0.               -28.4227E-06 
                1.92307E-03      -27.8791E-06 
                3.84614E-03      -26.9898E-06 
                5.7692E-03       -25.7589E-06 
                7.69226E-03      -24.2049E-06 
                9.61532E-03      -22.3468E-06 
               11.5384E-03       -20.2076E-06 
               13.4614E-03       -17.8144E-06 
               15.3845E-03       -15.1968E-06 
               17.3075E-03       -12.3877E-06 
               19.2306E-03        -9.42214E-06
               21.1536E-03        -6.33675E-06
               23.0766E-03        -3.17075E-06
               24.9997E-03        37.6201E-09 
               26.9227E-03         3.24652E-06
               28.8457E-03         6.41866E-06
               30.7688E-03         9.51082E-06
               32.6918E-03        12.4894E-06 
               34.6149E-03        15.3111E-06 
               36.5379E-03        17.9478E-06 
               38.4609E-03        20.3596E-06 
               40.384E-03         22.5212E-06 
               42.307E-03         24.4117E-06 
               44.2301E-03        25.9797E-06 
               46.1531E-03        27.2984E-06 
               50.0505E-03        25.9723E-06 
               52.092E-03         24.3589E-06 
               54.1334E-03        22.819E-06  
               56.1749E-03        21.4802E-06 
               58.2163E-03        20.2359E-06 
               60.2578E-03        19.1622E-06 
               64.4079E-03        17.1662E-06 
               66.5169E-03        15.845E-06  
               68.6259E-03        14.3456E-06 
               70.735E-03         12.5624E-06 
               72.8434E-03        10.6941E-06 
               75.617E-03          7.20112E-06
               78.1191E-03         1.70709E-06
               80.6212E-03        -2.14285E-06
               82.6745E-03        -6.4166E-06 
               84.7282E-03       -10.5411E-06 
               86.7822E-03       -14.6932E-06 
               88.8365E-03       -17.037E-06  
               90.9462E-03       -18.7491E-06 
               93.0553E-03       -20.3516E-06 
               95.1645E-03       -21.5556E-06 
               97.2738E-03       -22.5511E-06 
               99.3829E-03       -23.1337E-06 
              101.384E-03        -19.755E-06  
              103.384E-03        -16.8467E-06 
              105.386E-03        -14.3673E-06 
              107.387E-03        -12.4592E-06 
              109.389E-03        -11.1845E-06 
              111.391E-03        -10.7112E-06 
              113.394E-03        -11.0944E-06 
              115.398E-03        -12.3771E-06 
              117.388E-03        -14.0172E-06 
              119.378E-03        -15.5092E-06 
              121.369E-03        -16.8473E-06 
              123.359E-03        -18.0224E-06 
              125.35E-03         -19.0169E-06 
              127.34E-03         -19.8175E-06 
              129.331E-03        -20.4017E-06 
              131.321E-03        -20.7555E-06 
              133.311E-03        -20.8608E-06 
              135.302E-03        -20.711E-06  
              137.292E-03        -20.3007E-06 
              139.282E-03        -19.6373E-06 
              141.272E-03        -18.7314E-06 
              143.262E-03        -17.6044E-06 
              145.252E-03        -16.2791E-06 
              147.242E-03        -14.7844E-06 
              149.232E-03        -13.1462E-06 
              151.222E-03        -11.3924E-06 
              153.212E-03         -9.54403E-06
              155.201E-03         -7.62037E-06
              157.191E-03         -5.63567E-06
              159.18E-03          -3.60131E-06
              161.17E-03          -1.52723E-06
              163.159E-03        576.612E-09  
              165.148E-03          2.69749E-06
              167.137E-03          4.819E-06  
              169.126E-03          6.92001E-06
              171.115E-03          8.97449E-06
              173.104E-03         10.9527E-06 
              175.093E-03         12.8226E-06 
              177.081E-03         14.5519E-06 
              179.07E-03          16.111E-06  
              181.058E-03         17.4744E-06 
              183.046E-03         18.6229E-06 
              185.034E-03         19.5442E-06 
              187.022E-03         20.2327E-06 
              189.01E-03          20.6883E-06 
              190.998E-03         20.9152E-06 




