
                             spiralrod2_1_dist
                  X               -stress     

                0.                 5.43946E+06
                2.E-03            10.7151E+06 
                4.E-03            15.7946E+06 
                5.99999E-03       20.6374E+06 
                7.99998E-03       25.1624E+06 
                9.99996E-03       29.309E+06  
               11.9999E-03        33.0198E+06 
               13.9999E-03        36.247E+06  
               15.9999E-03        38.9493E+06 
               17.9998E-03        41.0943E+06 
               19.9998E-03        42.6573E+06 
               21.9998E-03        43.6227E+06 
               23.9998E-03        43.9835E+06 
               25.9998E-03        43.7409E+06 
               27.9998E-03        42.9054E+06 
               29.9998E-03        41.4942E+06 
               31.9998E-03        39.5343E+06 
               33.9998E-03        37.0569E+06 
               35.9999E-03        34.1028E+06 
               37.9999E-03        30.7068E+06 
               40.E-03            26.9011E+06 
               42.0001E-03        22.6773E+06 
               44.0001E-03        17.9072E+06 
               46.0002E-03        13.0109E+06 
               49.7216E-03        10.25E+06   
               51.5081E-03         9.88392E+06
               53.2946E-03        10.4754E+06 
               55.0811E-03        12.01E+06   
               56.8677E-03        14.2623E+06 
               58.6543E-03        16.8274E+06 
               60.4409E-03        19.2033E+06 
               64.4108E-03        22.98E+06   
               66.5944E-03        25.0127E+06 
               68.778E-03         26.9169E+06 
               70.9615E-03        27.7442E+06 
               73.1448E-03        24.4111E+06 
               75.5473E-03        33.8087E+06 
               77.7842E-03        60.8536E+06 
               79.8465E-03        32.3286E+06 
               81.8702E-03        34.8567E+06 
               83.8313E-03        38.1249E+06 
               85.7924E-03        30.9463E+06 
               87.7538E-03        43.8813E+06 
               89.9376E-03        27.596E+06  
               92.1212E-03        24.8615E+06 
               94.3048E-03        21.9179E+06 
               96.4885E-03        19.1589E+06 
              100.582E-03         24.0021E+06 
              102.584E-03         34.6685E+06 
              104.585E-03         49.5384E+06 
              106.586E-03         69.7717E+06 
              108.588E-03         94.3018E+06 
              110.591E-03        118.485E+06  
              112.594E-03        134.38E+06   
              116.587E-03        133.419E+06  
              118.576E-03        129.914E+06  
              120.566E-03        129.604E+06  
              122.556E-03        131.986E+06  
              124.546E-03        136.128E+06  
              126.536E-03        140.751E+06  
              128.527E-03        144.587E+06  
              130.517E-03        146.522E+06  
              132.507E-03        145.86E+06   
              134.498E-03        142.388E+06  
              136.488E-03        136.432E+06  
              138.478E-03        128.732E+06  
              140.468E-03        120.309E+06  
              142.458E-03        112.227E+06  
              144.447E-03        105.412E+06  
              146.436E-03        100.454E+06  
              148.426E-03         97.5479E+06 
              150.415E-03         96.4623E+06 
              152.404E-03         96.6374E+06 
              154.393E-03         97.305E+06  
              156.383E-03         97.6519E+06 
              158.372E-03         96.9683E+06 
              160.361E-03         94.7834E+06 
              162.351E-03         90.9186E+06 
              164.34E-03          85.4977E+06 
              166.329E-03         78.884E+06  
              168.318E-03         71.5759E+06 
              170.307E-03         64.0869E+06 
              172.295E-03         56.8421E+06 
              174.284E-03         50.1095E+06 
              176.272E-03         43.9791E+06 
              178.26E-03          38.3865E+06 
              180.248E-03         33.1614E+06 
              182.236E-03         28.0882E+06 
              184.224E-03         22.9582E+06 
              186.212E-03         17.6213E+06 
              188.2E-03           12.002E+06  
              190.188E-03          6.09807E+06




