
                             spiralrod2_1_dist
                  X                -disp      

                0.                -2.95165E-06
                2.E-03            -2.95074E-06
                4.E-03            -2.95379E-06
                5.99999E-03       -2.96189E-06
                7.99998E-03       -2.97474E-06
                9.99996E-03       -2.99312E-06
               11.9999E-03        -3.01575E-06
               13.9999E-03        -3.04251E-06
               15.9999E-03        -3.07138E-06
               17.9998E-03        -3.10142E-06
               19.9998E-03        -3.1302E-06 
               21.9998E-03        -3.15623E-06
               23.9998E-03        -3.17709E-06
               25.9998E-03        -3.19106E-06
               27.9998E-03        -3.19628E-06
               29.9998E-03        -3.19083E-06
               31.9998E-03        -3.17426E-06
               33.9998E-03        -3.14396E-06
               35.9999E-03        -3.10222E-06
               37.9999E-03        -3.04431E-06
               40.E-03            -2.9775E-06 
               42.0001E-03        -2.89241E-06
               44.0001E-03        -2.80548E-06
               46.0002E-03        -2.70935E-06
               49.7216E-03        -2.52031E-06
               51.5081E-03        -2.38469E-06
               53.2946E-03        -2.19927E-06
               55.0811E-03        -2.02048E-06
               56.8677E-03        -1.77898E-06
               58.6543E-03        -1.57147E-06
               60.4409E-03        -1.2994E-06 
               64.4108E-03      -795.971E-09  
               66.5944E-03      -592.044E-09  
               68.778E-03       -346.234E-09  
               70.9615E-03      -143.492E-09  
               73.1448E-03      -199.482E-09  
               75.5473E-03      -369.582E-09  
               77.7842E-03       497.222E-09  
               79.8465E-03         1.25966E-06
               81.8702E-03         1.2236E-06 
               83.8313E-03         1.234E-06  
               85.7924E-03         1.35843E-06
               87.7538E-03         1.71291E-06
               89.9376E-03         2.09521E-06
               92.1212E-03         2.35957E-06
               94.3048E-03         2.71337E-06
               96.4885E-03         3.03133E-06
              100.582E-03          3.59832E-06
              102.584E-03          4.2255E-06 
              104.585E-03          4.95131E-06
              106.586E-03          6.07956E-06
              108.588E-03          7.54192E-06
              110.591E-03          9.54498E-06
              112.594E-03         11.8715E-06 
              116.587E-03         16.7587E-06 
              118.576E-03         19.0413E-06 
              120.566E-03         21.2367E-06 
              122.556E-03         23.531E-06  
              124.546E-03         25.8916E-06 
              126.536E-03         28.4418E-06 
              128.527E-03         31.0922E-06 
              130.517E-03         33.8856E-06 
              132.507E-03         36.6835E-06 
              134.498E-03         39.4798E-06 
              136.488E-03         42.134E-06  
              138.478E-03         44.6476E-06 
              140.468E-03         46.9288E-06 
              142.458E-03         49.0258E-06 
              144.447E-03         50.9121E-06 
              146.436E-03         52.6787E-06 
              148.426E-03         54.3386E-06 
              150.415E-03         55.9886E-06 
              152.404E-03         57.6341E-06 
              154.393E-03         59.3362E-06 
              156.383E-03         61.0635E-06 
              158.372E-03         62.8287E-06 
              160.361E-03         64.5665E-06 
              162.351E-03         66.2608E-06 
              164.34E-03          67.841E-06  
              166.329E-03         69.2963E-06 
              168.318E-03         70.5804E-06 
              170.307E-03         71.7086E-06 
              172.295E-03         72.6666E-06 
              174.284E-03         73.4921E-06 
              176.272E-03         74.1879E-06 
              178.26E-03          74.795E-06  
              180.248E-03         75.3126E-06 
              182.236E-03         75.7682E-06 
              184.224E-03         76.1478E-06 
              186.212E-03         76.4634E-06 
              188.2E-03           76.6926E-06 
              190.188E-03         76.8414E-06 




