
                             spiralrod1_2_dist
                  X               -stress     

                0.                 8.68934E+06
                1.99998E-03       17.3669E+06 
                3.99994E-03       34.4327E+06 
                5.99988E-03       50.9644E+06 
                7.9998E-03        66.8379E+06 
                9.99969E-03       81.7931E+06 
               11.9996E-03        95.6297E+06 
               13.9994E-03       108.155E+06  
               15.9992E-03       119.201E+06  
               17.999E-03        128.618E+06  
               19.9988E-03       136.283E+06  
               21.9986E-03       142.093E+06  
               23.9983E-03       145.973E+06  
               25.9981E-03       147.872E+06  
               27.9978E-03       147.769E+06  
               29.9976E-03       145.668E+06  
               31.9973E-03       141.599E+06  
               33.997E-03        135.625E+06  
               35.9968E-03       127.824E+06  
               37.9965E-03       118.305E+06  
               39.9963E-03       107.161E+06  
               41.9961E-03        94.461E+06  
               43.9959E-03        80.1303E+06 
               45.9957E-03        63.5404E+06 
               47.9955E-03        46.1744E+06 
               49.9954E-03        37.7946E+06 
               49.9954E-03        37.7946E+06 
               51.7816E-03        34.9219E+06 
               53.5678E-03        29.066E+06  
               55.3539E-03        22.964E+06  
               57.14E-03          18.1472E+06 
               58.926E-03         18.2106E+06 
               60.7122E-03        24.4683E+06 
               62.4981E-03        33.9301E+06 
               64.2843E-03        43.3778E+06 
               64.2843E-03        43.3778E+06 
               66.1246E-03        52.1562E+06 
               67.9653E-03        60.5686E+06 
               69.8056E-03        68.6499E+06 
               71.6463E-03        76.0387E+06 
               73.4865E-03        85.7354E+06 
               75.3263E-03        91.4536E+06 
               78.5986E-03       145.573E+06  
               80.6054E-03       116.474E+06  
               82.7831E-03       137.248E+06  
               84.9612E-03       139.637E+06  
               87.14E-03         119.433E+06  
               89.3189E-03       120.639E+06  
               98.0324E-03       116.474E+06  
               99.1212E-03       125.644E+06  
              100.21E-03         137.248E+06  
              101.299E-03        142.129E+06  
              102.388E-03        139.637E+06  
              103.478E-03        123.071E+06  
              104.567E-03        119.433E+06  
              105.657E-03        108.083E+06  
              106.746E-03        120.639E+06  
              108.588E-03         76.7315E+06 
              110.428E-03         67.1557E+06 
              112.269E-03         56.3713E+06 
              114.11E-03          45.7213E+06 
              115.951E-03         34.7034E+06 
              117.792E-03         27.4158E+06 
              119.793E-03         29.9761E+06 
              121.794E-03         41.0604E+06 
              123.795E-03         58.5252E+06 
              125.797E-03         83.834E+06  
              127.799E-03        115.926E+06  
              129.802E-03        149.321E+06  
              131.805E-03        173.022E+06  
              133.809E-03        179.438E+06  
              133.809E-03        179.438E+06  
              135.799E-03        174.631E+06  
              137.789E-03        169.446E+06  
              139.779E-03        167.632E+06  
              141.77E-03         168.926E+06  
              143.76E-03         172.572E+06  
              145.751E-03        177.344E+06  
              147.742E-03        181.87E+06   
              149.733E-03        184.874E+06  
              151.724E-03        185.486E+06  
              153.715E-03        183.401E+06  
              155.706E-03        178.917E+06  
              157.697E-03        172.837E+06  
              159.688E-03        166.265E+06  
              161.678E-03        160.34E+06   
              163.668E-03        155.969E+06  
              165.658E-03        153.647E+06  
              167.648E-03        153.402E+06  
              169.638E-03        154.88E+06   
              171.628E-03        157.461E+06  
              173.618E-03        160.383E+06  
              175.608E-03        162.85E+06   
              177.598E-03        164.124E+06  
              179.588E-03        163.639E+06  
              181.578E-03        161.045E+06  
              183.568E-03        156.26E+06   
              185.557E-03        149.462E+06  
              187.547E-03        140.989E+06  
              189.536E-03        131.258E+06  
              191.525E-03        120.66E+06   
              193.514E-03        109.512E+06  
              195.503E-03         98.0174E+06 
              197.491E-03         86.2874E+06 
              199.479E-03         74.3677E+06 
              201.467E-03         62.2808E+06 
              203.456E-03         50.0426E+06 
              205.444E-03         37.6842E+06 
              207.431E-03         25.2235E+06 
              209.419E-03         12.6353E+06 
              211.407E-03          6.30384E+06




