
                             spiralrod2_2_dist
                  X                -disp      

                0.                 4.73587E-06
                1.92303E-03        4.68499E-06
                3.84601E-03        4.59512E-06
                5.76898E-03        4.48737E-06
                7.69192E-03        4.33866E-06
                9.61483E-03        4.16907E-06
               11.5377E-03         3.96097E-06
               13.4606E-03         3.73133E-06
               15.3834E-03         3.46754E-06
               17.3062E-03         3.18259E-06
               19.2289E-03         2.86851E-06
               21.1517E-03         2.53455E-06
               23.0744E-03         2.17658E-06
               24.9971E-03         1.80103E-06
               26.9198E-03         1.40623E-06
               28.8425E-03       997.327E-09  
               30.7652E-03       573.027E-09  
               32.6878E-03       139.51E-09   
               34.6105E-03      -307.487E-09  
               36.5331E-03      -756.701E-09  
               38.4557E-03        -1.22045E-06
               40.3783E-03        -1.67515E-06
               42.3009E-03        -2.14582E-06
               44.2236E-03        -2.58903E-06
               46.1462E-03        -3.001E-06  
               50.043E-03         -3.73614E-06
               52.0837E-03        -4.50024E-06
               54.1246E-03        -5.15676E-06
               56.1651E-03        -6.14954E-06
               58.2057E-03        -6.98948E-06
               60.2461E-03        -8.13899E-06
               64.4684E-03       -10.1948E-06 
               66.6509E-03       -10.995E-06  
               68.8332E-03       -12.0661E-06 
               71.016E-03        -12.6227E-06 
               73.1967E-03       -15.2398E-06 
               75.5971E-03       -17.5576E-06 
               78.4291E-03       -14.1237E-06 
               81.2611E-03       -10.1676E-06 
               83.2201E-03       -12.169E-06  
               85.1798E-03       -13.5119E-06 
               87.1404E-03       -14.011E-06  
               89.101E-03        -14.4954E-06 
               91.2849E-03       -13.9179E-06 
               93.4684E-03       -13.7116E-06 
               95.6514E-03       -14.0945E-06 
               97.8348E-03       -13.9471E-06 
              101.928E-03        -13.8212E-06 
              103.929E-03        -13.556E-06  
              105.93E-03         -12.9346E-06 
              107.932E-03        -12.0229E-06 
              109.934E-03        -10.5055E-06 
              111.936E-03         -8.38968E-06
              113.94E-03          -5.49768E-06
              117.934E-03          1.33556E-06
              119.926E-03          4.85571E-06
              121.917E-03          8.49323E-06
              123.908E-03         12.1176E-06 
              125.899E-03         15.8372E-06 
              127.891E-03         19.5305E-06 
              129.882E-03         23.2918E-06 
              131.873E-03         27.0077E-06 
              133.865E-03         30.7645E-06 
              135.856E-03         34.4571E-06 
              137.847E-03         38.168E-06  
              139.838E-03         41.8012E-06 
              141.83E-03          45.436E-06  
              143.821E-03         48.9846E-06 
              145.812E-03         52.5216E-06 
              147.803E-03         55.9642E-06 
              149.794E-03         59.38E-06   
              151.785E-03         62.6885E-06 
              153.776E-03         65.9491E-06 
              155.766E-03         69.0834E-06 
              157.757E-03         72.1444E-06 
              159.748E-03         75.0574E-06 
              161.738E-03         77.8722E-06 
              163.728E-03         80.5205E-06 
              165.718E-03         83.0527E-06 
              167.708E-03         85.4075E-06 
              169.698E-03         87.6364E-06 
              171.688E-03         89.6836E-06 
              173.677E-03         91.5997E-06 
              175.667E-03         93.3314E-06 
              177.656E-03         94.9259E-06 
              179.645E-03         96.3292E-06 
              181.634E-03         97.5847E-06 
              183.622E-03         98.6372E-06 
              185.611E-03         99.5284E-06 
              187.599E-03        100.204E-06  
              189.587E-03        100.708E-06  
              191.575E-03        100.99E-06   




