
                             spiralrod2_3_dist
                  X               -stress     

                0.                28.2356E+06 
                1.99989E-03       55.9122E+06 
                3.9997E-03        82.8502E+06 
                5.99947E-03      108.843E+06  
                7.99916E-03      133.478E+06  
                9.9988E-03       156.444E+06  
               11.9984E-03       177.439E+06  
               13.9979E-03       196.2E+06    
               15.9973E-03       212.487E+06  
               17.9967E-03       226.098E+06  
               19.9961E-03       236.864E+06  
               21.9954E-03       244.649E+06  
               23.9946E-03       249.363E+06  
               25.9938E-03       250.951E+06  
               27.993E-03        249.406E+06  
               29.9921E-03       244.754E+06  
               31.9913E-03       237.083E+06  
               33.9903E-03       226.499E+06  
               35.9894E-03       213.18E+06   
               37.9884E-03       197.261E+06  
               39.9875E-03       178.878E+06  
               41.9864E-03       157.905E+06  
               43.9855E-03       133.426E+06  
               45.9845E-03       107.115E+06  
               49.7042E-03        97.3374E+06 
               51.4894E-03       104.434E+06  
               53.2744E-03       111.296E+06  
               55.0593E-03       116.232E+06  
               56.8438E-03       119.165E+06  
               58.6285E-03       119.526E+06  
               60.4127E-03       117.369E+06  
               64.3779E-03       109.93E+06   
               66.5593E-03       109.396E+06  
               68.7405E-03       113.826E+06  
               70.9223E-03       142.689E+06  
               73.1014E-03       192.124E+06  
               75.5002E-03       359.826E+06  
               79.111E-03        274.321E+06  
               82.7219E-03       288.453E+06  
               84.6798E-03       333.604E+06  
               86.6388E-03       308.887E+06  
               88.5987E-03       216.764E+06  
               90.5587E-03       135.844E+06  
               92.7429E-03       100.895E+06  
               94.9258E-03        86.1885E+06 
               97.1082E-03        65.7398E+06 
               99.2917E-03        45.0034E+06 
              103.385E-03         25.8381E+06 
              105.386E-03         34.1743E+06 
              107.387E-03         52.5757E+06 
              109.388E-03         82.7768E+06 
              111.391E-03        124.732E+06  
              113.394E-03        174.36E+06   
              115.398E-03        219.208E+06  
              119.395E-03        257.157E+06  
              121.387E-03        263.176E+06  
              123.38E-03         268.441E+06  
              125.372E-03        272.949E+06  
              127.365E-03        276.713E+06  
              129.357E-03        279.76E+06   
              131.35E-03         282.161E+06  
              133.343E-03        284.027E+06  
              135.336E-03        285.43E+06   
              137.329E-03        286.453E+06  
              139.322E-03        287.102E+06  
              141.314E-03        287.362E+06  
              143.307E-03        287.141E+06  
              145.3E-03          286.328E+06  
              147.293E-03        284.771E+06  
              149.285E-03        282.328E+06  
              151.278E-03        278.86E+06   
              153.27E-03         274.282E+06  
              155.263E-03        268.547E+06  
              157.255E-03        261.663E+06  
              159.247E-03        253.689E+06  
              161.239E-03        244.728E+06  
              163.231E-03        234.9E+06    
              165.222E-03        224.333E+06  
              167.214E-03        213.139E+06  
              169.205E-03        201.403E+06  
              171.196E-03        189.169E+06  
              173.187E-03        176.446E+06  
              175.177E-03        163.205E+06  
              177.167E-03        149.398E+06  
              179.157E-03        134.97E+06   
              181.147E-03        119.877E+06  
              183.137E-03        104.108E+06  
              185.126E-03         87.6885E+06 
              187.115E-03         70.6975E+06 
              189.103E-03         53.2577E+06 
              191.092E-03         35.5387E+06 
              193.08E-03          17.7497E+06 




