
                             spiralrod2_2_dist
                  X               -raddisp    

                0.               -53.7232E-06 
                1.92303E-03      -52.7108E-06 
                3.84601E-03      -51.0605E-06 
                5.76898E-03      -48.7791E-06 
                7.69192E-03      -45.8996E-06 
                9.61483E-03      -42.4549E-06 
               11.5377E-03       -38.4872E-06 
               13.4606E-03       -34.0467E-06 
               15.3834E-03       -29.1849E-06 
               17.3062E-03       -23.9657E-06 
               19.2289E-03       -18.4472E-06 
               21.1517E-03       -12.7043E-06 
               23.0744E-03        -6.79819E-06
               24.9971E-03      -812.272E-09  
               26.9198E-03         5.19392E-06
               28.8425E-03        11.1301E-06 
               30.7652E-03        16.9446E-06 
               32.6878E-03        22.5402E-06 
               34.6105E-03        27.8817E-06 
               36.5331E-03        32.861E-06  
               38.4557E-03        37.4733E-06 
               40.3783E-03        41.586E-06  
               42.3009E-03        45.2569E-06 
               44.2236E-03        48.2871E-06 
               46.1462E-03        50.9037E-06 
               50.043E-03         48.7717E-06 
               52.0837E-03        45.9638E-06 
               54.1246E-03        43.3702E-06 
               56.1651E-03        41.2575E-06 
               58.2057E-03        39.3825E-06 
               60.2461E-03        37.9096E-06 
               64.4684E-03        35.3061E-06 
               66.6509E-03        33.3178E-06 
               68.8332E-03        30.9096E-06 
               71.016E-03         27.8851E-06 
               73.1967E-03        24.5416E-06 
               75.5971E-03        18.8742E-06 
               78.4291E-03         5.37907E-06
               81.2611E-03      -688.058E-09  
               83.2201E-03        -9.43608E-06
               85.1798E-03       -17.8469E-06 
               87.1404E-03       -26.0489E-06 
               89.101E-03        -31.9322E-06 
               91.2849E-03       -35.2696E-06 
               93.4684E-03       -39.4204E-06 
               95.6514E-03       -41.8617E-06 
               97.8348E-03       -44.4063E-06 
              101.928E-03        -39.0501E-06 
              103.929E-03        -33.1744E-06 
              105.93E-03         -28.3308E-06 
              107.932E-03        -24.3269E-06 
              109.934E-03        -21.586E-06  
              111.936E-03        -20.0777E-06 
              113.94E-03         -20.0798E-06 
              117.934E-03        -23.5287E-06 
              119.926E-03        -25.2731E-06 
              121.917E-03        -26.8001E-06 
              123.908E-03        -28.0546E-06 
              125.899E-03        -29.0666E-06 
              127.891E-03        -29.7884E-06 
              129.882E-03        -30.2182E-06 
              131.873E-03        -30.3147E-06 
              133.865E-03        -30.0682E-06 
              135.856E-03        -29.456E-06  
              137.847E-03        -28.4822E-06 
              139.838E-03        -27.1537E-06 
              141.83E-03         -25.4992E-06 
              143.821E-03        -23.554E-06  
              145.812E-03        -21.3668E-06 
              147.803E-03        -18.9864E-06 
              149.794E-03        -16.4653E-06 
              151.785E-03        -13.8453E-06 
              153.776E-03        -11.1671E-06 
              155.766E-03         -8.45451E-06
              157.757E-03         -5.72071E-06
              159.748E-03         -2.97808E-06
              161.738E-03       -225.104E-09  
              163.728E-03          2.53491E-06
              165.718E-03          5.29816E-06
              167.708E-03          8.05193E-06
              169.698E-03         10.7752E-06 
              171.688E-03         13.4365E-06 
              173.677E-03         15.9963E-06 
              175.667E-03         18.4094E-06 
              177.656E-03         20.629E-06  
              179.645E-03         22.6119E-06 
              181.634E-03         24.3221E-06 
              183.622E-03         25.7344E-06 
              185.611E-03         26.8359E-06 
              187.599E-03         27.6251E-06 
              189.587E-03         28.1107E-06 
              191.575E-03         28.306E-06  




