
                             spiralrod2_3_dist
                  X               -raddisp    

                0.               -71.3469E-06 
                1.99989E-03      -69.9617E-06 
                3.9997E-03       -67.6943E-06 
                5.99947E-03      -64.5543E-06 
                7.99916E-03      -60.5906E-06 
                9.9988E-03       -55.8475E-06 
               11.9984E-03       -50.3898E-06 
               13.9979E-03       -44.2835E-06 
               15.9973E-03       -37.6095E-06 
               17.9967E-03       -30.45E-06   
               19.9961E-03       -22.899E-06  
               21.9954E-03       -15.0496E-06 
               23.9946E-03        -7.00547E-06
               25.9938E-03         1.13569E-06
               27.993E-03          9.264E-06  
               29.9921E-03        17.2845E-06 
               31.9913E-03        25.0833E-06 
               33.9903E-03        32.578E-06  
               35.9894E-03        39.6491E-06 
               37.9884E-03        46.2409E-06 
               39.9875E-03        52.22E-06   
               41.9864E-03        57.5838E-06 
               43.9855E-03        62.1578E-06 
               45.9845E-03        66.0629E-06 
               49.7042E-03        64.7625E-06 
               51.4894E-03        61.9954E-06 
               53.2744E-03        59.5922E-06 
               55.0593E-03        57.8128E-06 
               56.8438E-03        56.4915E-06 
               58.6285E-03        55.6803E-06 
               60.4127E-03        55.3429E-06 
               64.3779E-03        55.3322E-06 
               66.5593E-03        54.2945E-06 
               68.7405E-03        52.7092E-06 
               70.9223E-03        49.9795E-06 
               73.1014E-03        46.6203E-06 
               75.5002E-03        40.0263E-06 
               79.111E-03         10.0985E-06 
               82.7219E-03        10.0741E-06 
               84.6798E-03        -4.70303E-06
               86.6388E-03       -19.1318E-06 
               88.5987E-03       -32.3659E-06 
               90.5587E-03       -39.9784E-06 
               92.7429E-03       -43.6644E-06 
               94.9258E-03       -47.1149E-06 
               97.1082E-03       -49.7849E-06 
               99.2917E-03       -51.8913E-06 
              103.385E-03        -45.1817E-06 
              105.386E-03        -38.2885E-06 
              107.387E-03        -32.322E-06  
              109.388E-03        -27.5106E-06 
              111.391E-03        -23.912E-06  
              113.394E-03        -21.7329E-06 
              115.398E-03        -21.0159E-06 
              119.395E-03        -23.2293E-06 
              121.387E-03        -24.4141E-06 
              123.38E-03         -25.3564E-06 
              125.372E-03        -26.0451E-06 
              127.365E-03        -26.4643E-06 
              129.357E-03        -26.6028E-06 
              131.35E-03         -26.4491E-06 
              133.343E-03        -25.9995E-06 
              135.336E-03        -25.2547E-06 
              137.329E-03        -24.2247E-06 
              139.322E-03        -22.9248E-06 
              141.314E-03        -21.3776E-06 
              143.307E-03        -19.608E-06  
              145.3E-03          -17.6446E-06 
              147.293E-03        -15.5138E-06 
              149.285E-03        -13.2421E-06 
              151.278E-03        -10.8508E-06 
              153.27E-03          -8.36133E-06
              155.263E-03         -5.78944E-06
              157.255E-03         -3.15189E-06
              159.247E-03       -464.947E-09  
              161.239E-03          2.25398E-06
              163.231E-03          4.98469E-06
              165.222E-03          7.70507E-06
              167.214E-03         10.3899E-06 
              169.205E-03         13.0124E-06 
              171.196E-03         15.5454E-06 
              173.187E-03         17.9623E-06 
              175.177E-03         20.2386E-06 
              177.167E-03         22.3522E-06 
              179.157E-03         24.2846E-06 
              181.147E-03         26.0202E-06 
              183.137E-03         27.5465E-06 
              185.126E-03         28.8533E-06 
              187.115E-03         29.9321E-06 
              189.103E-03         30.7761E-06 
              191.092E-03         31.3789E-06 
              193.08E-03          31.7363E-06 




