
                             spiralrod2_3_dist
                  X                -disp      

                0.                11.8773E-06 
                1.99989E-03       11.7691E-06 
                3.9997E-03        11.5758E-06 
                5.99947E-03       11.346E-06  
                7.99916E-03       11.0264E-06 
                9.9988E-03        10.6655E-06 
               11.9984E-03        10.2192E-06 
               13.9979E-03         9.73116E-06
               15.9973E-03         9.16631E-06
               17.9967E-03         8.55998E-06
               19.9961E-03         7.88824E-06
               21.9954E-03         7.17454E-06
               23.9946E-03         6.41026E-06
               25.9938E-03         5.60111E-06
               27.993E-03          4.76158E-06
               29.9921E-03         3.86879E-06
               31.9913E-03         2.97441E-06
               33.9903E-03         2.00779E-06
               35.9894E-03         1.08167E-06
               37.9884E-03        47.5557E-09 
               39.9875E-03      -883.154E-09  
               41.9864E-03        -1.97323E-06
               43.9855E-03        -2.86382E-06
               45.9845E-03        -3.87203E-06
               49.7042E-03        -5.42139E-06
               51.4894E-03        -6.53421E-06
               53.2744E-03        -7.96405E-06
               55.0593E-03        -9.46007E-06
               56.8438E-03       -11.2856E-06 
               58.6285E-03       -13.0315E-06 
               60.4127E-03       -15.1262E-06 
               64.3779E-03       -19.3404E-06 
               66.5593E-03       -21.238E-06  
               68.7405E-03       -23.4763E-06 
               70.9223E-03       -25.0022E-06 
               73.1014E-03       -29.2495E-06 
               75.5002E-03       -33.1298E-06 
               79.111E-03        -28.5595E-06 
               82.7219E-03       -22.6525E-06 
               84.6798E-03       -25.757E-06  
               86.6388E-03       -27.8215E-06 
               88.5987E-03       -28.9932E-06 
               90.5587E-03       -29.9946E-06 
               92.7429E-03       -29.1897E-06 
               94.9258E-03       -29.5859E-06 
               97.1082E-03       -30.6186E-06 
               99.2917E-03       -30.4167E-06 
              103.385E-03        -30.589E-06  
              105.386E-03        -30.6319E-06 
              107.387E-03        -29.8114E-06 
              109.388E-03        -28.9596E-06 
              111.391E-03        -26.9599E-06 
              113.394E-03        -24.493E-06  
              115.398E-03        -20.6327E-06 
              119.395E-03        -11.6553E-06 
              121.387E-03         -7.08235E-06
              123.38E-03          -2.03274E-06
              125.372E-03          2.78727E-06
              127.365E-03          8.00389E-06
              129.357E-03         12.9883E-06 
              131.35E-03          18.2982E-06 
              133.343E-03         23.3733E-06 
              135.336E-03         28.7169E-06 
              137.329E-03         33.8299E-06 
              139.322E-03         39.1673E-06 
              141.314E-03         44.282E-06  
              143.307E-03         49.583E-06  
              145.3E-03           54.6651E-06 
              147.293E-03         59.8917E-06 
              149.285E-03         64.8916E-06 
              151.278E-03         69.9858E-06 
              153.27E-03          74.8321E-06 
              155.263E-03         79.716E-06  
              157.255E-03         84.324E-06  
              159.247E-03         88.9144E-06 
              161.239E-03         93.2031E-06 
              163.231E-03         97.4295E-06 
              165.222E-03        101.339E-06  
              167.214E-03        105.155E-06  
              169.205E-03        108.649E-06  
              171.196E-03        112.032E-06  
              173.187E-03        115.091E-06  
              175.177E-03        118.024E-06  
              177.167E-03        120.629E-06  
              179.157E-03        123.088E-06  
              181.147E-03        125.207E-06  
              183.137E-03        127.153E-06  
              185.126E-03        128.741E-06  
              187.115E-03        130.128E-06  
              189.103E-03        131.14E-06   
              191.092E-03        131.932E-06  
              193.08E-03         132.342E-06  




