
                  X                  U2       

                0.                -2.1844E-06 
                1.92307E-03       -2.19104E-06
                3.84614E-03       -2.20224E-06
                5.7692E-03        -2.21554E-06
                7.69226E-03       -2.23378E-06
                9.61532E-03       -2.25418E-06
               11.5384E-03        -2.2792E-06 
               13.4614E-03        -2.30623E-06
               15.3845E-03        -2.33721E-06
               17.3075E-03        -2.37E-06   
               19.2306E-03        -2.40596E-06
               21.1536E-03        -2.44341E-06
               23.0766E-03        -2.48319E-06
               24.9997E-03        -2.5241E-06 
               26.9227E-03        -2.56634E-06
               28.8457E-03        -2.60943E-06
               30.7688E-03        -2.6525E-06 
               32.6918E-03        -2.69652E-06
               34.6149E-03        -2.73849E-06
               36.5379E-03        -2.78226E-06
               38.4609E-03        -2.82072E-06
               40.384E-03         -2.86296E-06
               42.307E-03         -2.89519E-06
               44.2301E-03        -2.93364E-06
               46.1531E-03        -2.9526E-06 
               50.0505E-03        -3.01925E-06
               52.092E-03         -3.0356E-06 
               54.1334E-03        -3.08061E-06
               56.1749E-03        -3.09382E-06
               58.2163E-03        -3.12917E-06
               60.2578E-03        -3.12658E-06
               64.4079E-03        -3.11518E-06
               66.5169E-03        -3.09497E-06
               68.6259E-03        -3.05259E-06
               70.735E-03         -2.89616E-06
               72.8434E-03        -3.52168E-06
               75.617E-03         -4.42794E-06
               78.1191E-03        -2.12123E-06
               80.6212E-03       349.179E-09  
               82.6745E-03      -395.021E-09  
               84.7282E-03      -661.636E-09  
               86.7822E-03      -593.69E-09   
               88.8365E-03      -303.483E-09  
               90.9462E-03       404.853E-09  
               93.0553E-03       544.071E-09  
               95.1645E-03       714.973E-09  
               97.2738E-03         1.00676E-06
               99.3829E-03         1.14334E-06
              101.384E-03          1.39004E-06
              103.384E-03          1.8111E-06 
              105.386E-03          2.43706E-06
              107.387E-03          3.36127E-06
              109.389E-03          4.70758E-06
              111.391E-03          6.59983E-06
              113.394E-03          9.04416E-06
              115.398E-03         11.8776E-06 
              117.388E-03         14.7593E-06 
              119.378E-03         17.6577E-06 
              121.369E-03         20.5417E-06 
              123.359E-03         23.4253E-06 
              125.35E-03          26.2738E-06 
              127.34E-03          29.1077E-06 
              129.331E-03         31.8904E-06 
              131.321E-03         34.6471E-06 
              133.311E-03         37.3439E-06 
              135.302E-03         40.009E-06  
              137.292E-03         42.6125E-06 
              139.282E-03         45.1829E-06 
              141.272E-03         47.6923E-06 
              143.262E-03         50.1665E-06 
              145.252E-03         52.5777E-06 
              147.242E-03         54.9465E-06 
              149.232E-03         57.244E-06  
              151.222E-03         59.4858E-06 
              153.212E-03         61.6429E-06 
              155.201E-03         63.7277E-06 
              157.191E-03         65.714E-06  
              159.18E-03          67.6139E-06 
              161.17E-03          69.4058E-06 
              163.159E-03         71.1036E-06 
              165.148E-03         72.6913E-06 
              167.137E-03         74.1841E-06 
              169.126E-03         75.5696E-06 
              171.115E-03         76.8625E-06 
              173.104E-03         78.0514E-06 
              175.093E-03         79.1479E-06 
              177.081E-03         80.1392E-06 
              179.07E-03          81.0328E-06 
              181.058E-03         81.8143E-06 
              183.046E-03         82.4882E-06 
              185.034E-03         83.0405E-06 
              187.022E-03         83.4755E-06 
              189.01E-03          83.7824E-06 
              190.998E-03         83.9679E-06 




