
                  X          booster_dist-disp

                0.               -13.9658E-06 
                3.04162E-03      -13.7742E-06 
                6.08323E-03      -13.583E-06  
                9.12497E-03      -13.2645E-06 
               12.1668E-03       -12.8327E-06 
               15.2088E-03       -12.2314E-06 
               18.251E-03        -11.4816E-06 
               21.2933E-03       -10.5464E-06 
               24.3358E-03        -9.43584E-06
               27.3785E-03        -8.13806E-06
               30.4214E-03        -6.64278E-06
               33.4645E-03        -4.96034E-06
               36.5078E-03        -3.06335E-06
               39.5512E-03      -975.747E-09  
               42.5949E-03         1.3405E-06 
               45.6388E-03         3.85775E-06
               48.6829E-03         6.62117E-06
               51.7272E-03         9.58769E-06
               54.7718E-03        12.8602E-06 
               57.8166E-03        16.2829E-06 
               60.8621E-03        20.4702E-06 
               60.8621E-03        20.4702E-06 
               63.9573E-03        24.7915E-06 
               67.0517E-03        28.2393E-06 
               70.1461E-03        31.7209E-06 
               73.2399E-03        34.6701E-06 
               76.3336E-03        37.4878E-06 
               79.4268E-03        39.7372E-06 
               82.5198E-03        41.793E-06  
               85.6121E-03        43.2255E-06 
               88.7042E-03        44.4492E-06 
               91.7957E-03        44.9991E-06 
               94.8869E-03        45.3492E-06 




