
                             booster_flange_di
                  X               st-disp     

                0.               -13.3485E-06 
                1.97705E-03      -13.2271E-06 
                3.95406E-03      -13.131E-06  
                5.93113E-03      -12.9889E-06 
                7.90823E-03      -12.8162E-06 
                9.88538E-03      -12.5878E-06 
               11.8626E-03       -12.3036E-06 
               13.8398E-03       -11.9666E-06 
               15.8172E-03       -11.5484E-06 
               17.7946E-03       -11.0907E-06 
               19.772E-03        -10.5231E-06 
               21.7495E-03        -9.93748E-06
               23.7272E-03        -9.20979E-06
               25.7048E-03        -8.49213E-06
               27.6826E-03        -7.59666E-06
               29.6603E-03        -6.74414E-06
               31.6383E-03        -5.67526E-06
               33.6162E-03        -4.68759E-06
               35.5943E-03        -3.43153E-06
               37.5724E-03        -2.32597E-06
               39.5508E-03      -763.108E-09  
               41.0723E-03        78.4955E-09 
               42.5939E-03         1.03705E-06
               44.6234E-03         2.85487E-06
               46.6525E-03         4.38975E-06
               48.682E-03          6.28267E-06
               50.7113E-03         8.04558E-06
               52.741E-03         10.1433E-06 
               54.7705E-03        12.1217E-06 
               56.8004E-03        14.472E-06  
               58.8301E-03        16.6835E-06 
               60.8606E-03        19.5757E-06 
               62.8633E-03        22.2724E-06 
               64.8656E-03        24.6175E-06 
               66.8679E-03        26.8533E-06 
               68.87E-03          29.0022E-06 
               70.872E-03         30.995E-06  
               72.8739E-03        32.9069E-06 
               74.8756E-03        34.6406E-06 
               76.8773E-03        36.272E-06  
               78.8787E-03        37.716E-06  
               80.88E-03          39.0354E-06 
               82.8812E-03        40.1641E-06 
               84.8821E-03        41.1493E-06 
               86.8829E-03        41.9427E-06 
               88.8836E-03        42.578E-06  
               90.884E-03         43.022E-06  
               92.8843E-03        43.297E-06  
               94.8844E-03        43.3837E-06 




